#
# There is insufficient memory for the Java Runtime Environment to continue.
# Native memory allocation (malloc) failed to allocate 539984 bytes for Chunk::new
# Possible reasons:
#   The system is out of physical RAM or swap space
#   The process is running with CompressedOops enabled, and the Java Heap may be blocking the growth of the native heap
# Possible solutions:
#   Reduce memory load on the system
#   Increase physical memory or swap space
#   Check if swap backing store is full
#   Decrease Java heap size (-Xmx/-Xms)
#   Decrease number of Java threads
#   Decrease Java thread stack sizes (-Xss)
#   Set larger code cache with -XX:ReservedCodeCacheSize=
#   JVM is running with Unscaled Compressed Oops mode in which the Java heap is
#     placed in the first 4GB address space. The Java Heap base address is the
#     maximum limit for the native heap growth. Please use -XX:HeapBaseMinAddress
#     to set the Java Heap base and to place the Java Heap above 4GB virtual address.
# This output file may be truncated or incomplete.
#
#  Out of Memory Error (arena.cpp:189), pid=12176, tid=15336
#
# JRE version: OpenJDK Runtime Environment (17.0.6) (build 17.0.6+0-b2043.56-10027231)
# Java VM: OpenJDK 64-Bit Server VM (17.0.6+0-b2043.56-10027231, mixed mode, tiered, compressed oops, compressed class ptrs, g1 gc, windows-amd64)
# No core dump will be written. Minidumps are not enabled by default on client versions of Windows
#

---------------  S U M M A R Y ------------

Command Line: --add-opens=java.base/java.util=ALL-UNNAMED --add-opens=java.base/java.lang=ALL-UNNAMED --add-opens=java.base/java.lang.invoke=ALL-UNNAMED --add-opens=java.prefs/java.util.prefs=ALL-UNNAMED --add-opens=java.base/java.nio.charset=ALL-UNNAMED --add-opens=java.base/java.net=ALL-UNNAMED --add-opens=java.base/java.util.concurrent.atomic=ALL-UNNAMED -Xmx2048m -Dfile.encoding=UTF-8 -Duser.country=UA -Duser.language=uk -Duser.variant org.gradle.launcher.daemon.bootstrap.GradleDaemon 8.0

Host: Intel(R) Core(TM) i5-9300HF CPU @ 2.40GHz, 8 cores, 7G,  Windows 10 , 64 bit Build 19041 (10.0.19041.3570)
Time: Thu Oct 26 15:55:08 2023  Windows 10 , 64 bit Build 19041 (10.0.19041.3570) elapsed time: 23.778251 seconds (0d 0h 0m 23s)

---------------  T H R E A D  ---------------

Current thread (0x0000020355830070):  JavaThread "C2 CompilerThread0" daemon [_thread_in_native, id=15336, stack(0x0000009e54700000,0x0000009e54800000)]


Current CompileTask:
C2:  23778 6783   !   4       jdk.internal.loader.Resource::getBytes (244 bytes)

Stack: [0x0000009e54700000,0x0000009e54800000]
Native frames: (J=compiled Java code, j=interpreted, Vv=VM code, C=native code)
V  [jvm.dll+0x683c9a]
V  [jvm.dll+0x8427a4]
V  [jvm.dll+0x843f9e]
V  [jvm.dll+0x844603]
V  [jvm.dll+0x249b75]
V  [jvm.dll+0xabcac]
V  [jvm.dll+0xac27c]
V  [jvm.dll+0x368857]
V  [jvm.dll+0x332f31]
V  [jvm.dll+0x3323da]
V  [jvm.dll+0x21c201]
V  [jvm.dll+0x21b621]
V  [jvm.dll+0x1a4fdd]
V  [jvm.dll+0x22b098]
V  [jvm.dll+0x229159]
V  [jvm.dll+0x7f81ec]
V  [jvm.dll+0x7f274a]
V  [jvm.dll+0x682ad5]
C  [ucrtbase.dll+0x21bb2]
C  [KERNEL32.DLL+0x17344]
C  [ntdll.dll+0x526b1]


---------------  P R O C E S S  ---------------

Threads class SMR info:
_java_thread_list=0x000002035a77e570, length=124, elements={
0x000002033af401c0, 0x0000020354dbb630, 0x0000020354dbc570, 0x0000020355836900,
0x00000203558376c0, 0x000002035582b930, 0x000002035582c2c0, 0x0000020355830070,
0x000002035584d960, 0x0000020355851280, 0x00000203559b3e50, 0x00000203559b5740,
0x00000203573ce7b0, 0x0000020356f7cf20, 0x00000203571fb010, 0x000002035724b840,
0x00000203572355a0, 0x0000020355ac7430, 0x0000020355ac5280, 0x0000020355ac48e0,
0x0000020355ac4410, 0x0000020355ac4db0, 0x0000020355ac6a90, 0x0000020355ac5750,
0x0000020355ac5c20, 0x0000020355ac60f0, 0x0000020355ac65c0, 0x0000020355ac6f60,
0x0000020355ac7900, 0x0000020355ac3f40, 0x0000020359d418d0, 0x0000020359d43a80,
0x0000020359d47910, 0x0000020359d41400, 0x0000020359d47440, 0x0000020359d46100,
0x0000020359d43f50, 0x0000020359d430e0, 0x0000020359d45290, 0x0000020359d47de0,
0x0000020359d44420, 0x0000020359d45760, 0x0000020359d46aa0, 0x0000020359d48780,
0x0000020359d448f0, 0x0000020359d42270, 0x0000020359d42740, 0x0000020359d42c10,
0x0000020359d44dc0, 0x0000020358678500, 0x0000020358679840, 0x0000020358676cf0,
0x00000203586789d0, 0x0000020358678ea0, 0x0000020358679d10, 0x0000020358677b60,
0x0000020358679370, 0x0000020358678030, 0x0000020358677690, 0x000002035867a1e0,
0x0000020358676820, 0x00000203586771c0, 0x000002035a60b060, 0x000002035a60ea20,
0x000002035a60b530, 0x000002035a60e080, 0x000002035a60ba00, 0x000002035a60bed0,
0x000002035a60c3a0, 0x000002035a60c870, 0x000002035a60cd40, 0x000002035a60d210,
0x000002035a60d6e0, 0x000002035a60dbb0, 0x000002035a60e550, 0x000002035a74c9a0,
0x000002035a7494b0, 0x000002035a74d340, 0x000002035a748fe0, 0x000002035a7477d0,
0x000002035a74a320, 0x000002035a746490, 0x000002035a748b10, 0x000002035a747300,
0x000002035a74ce70, 0x000002035a745fc0, 0x000002035a747ca0, 0x000002035a746960,
0x000002035a74c4d0, 0x000002035a74d810, 0x000002035a746e30, 0x000002035a748640,
0x000002035a749980, 0x000002035a748170, 0x000002035a749e50, 0x000002035a74a7f0,
0x000002035a74acc0, 0x000002035a74b190, 0x000002035a74c000, 0x000002035a74b660,
0x000002035a74bb30, 0x000002035a70d550, 0x000002035a70def0, 0x000002035a70bd40,
0x000002035a710f10, 0x000002035a70b3a0, 0x000002035a70fbd0, 0x000002035a70c210,
0x000002035a70cbb0, 0x000002035a70d080, 0x000002035a70b870, 0x000002035a70e890,
0x000002035a70e3c0, 0x000002035a70a060, 0x000002035a710a40, 0x000002035a70a530,
0x000002035a7100a0, 0x000002035a70c6e0, 0x000002035a7118b0, 0x000002035a70ed60,
0x000002035a70da20, 0x000002035a70f230, 0x000002035a7113e0, 0x000002035a70f700
}

Java Threads: ( => current thread )
  0x000002033af401c0 JavaThread "main" [_thread_blocked, id=15392, stack(0x0000009e53a00000,0x0000009e53b00000)]
  0x0000020354dbb630 JavaThread "Reference Handler" daemon [_thread_blocked, id=16456, stack(0x0000009e54100000,0x0000009e54200000)]
  0x0000020354dbc570 JavaThread "Finalizer" daemon [_thread_blocked, id=11012, stack(0x0000009e54200000,0x0000009e54300000)]
  0x0000020355836900 JavaThread "Signal Dispatcher" daemon [_thread_blocked, id=10340, stack(0x0000009e54300000,0x0000009e54400000)]
  0x00000203558376c0 JavaThread "Attach Listener" daemon [_thread_blocked, id=9776, stack(0x0000009e54400000,0x0000009e54500000)]
  0x000002035582b930 JavaThread "Service Thread" daemon [_thread_blocked, id=15296, stack(0x0000009e54500000,0x0000009e54600000)]
  0x000002035582c2c0 JavaThread "Monitor Deflation Thread" daemon [_thread_blocked, id=9136, stack(0x0000009e54600000,0x0000009e54700000)]
=>0x0000020355830070 JavaThread "C2 CompilerThread0" daemon [_thread_in_native, id=15336, stack(0x0000009e54700000,0x0000009e54800000)]
  0x000002035584d960 JavaThread "C1 CompilerThread0" daemon [_thread_blocked, id=12872, stack(0x0000009e54800000,0x0000009e54900000)]
  0x0000020355851280 JavaThread "Sweeper thread" daemon [_thread_blocked, id=9940, stack(0x0000009e54900000,0x0000009e54a00000)]
  0x00000203559b3e50 JavaThread "Common-Cleaner" daemon [_thread_blocked, id=14640, stack(0x0000009e54a00000,0x0000009e54b00000)]
  0x00000203559b5740 JavaThread "Notification Thread" daemon [_thread_blocked, id=9568, stack(0x0000009e54b00000,0x0000009e54c00000)]
  0x00000203573ce7b0 JavaThread "Daemon health stats" [_thread_blocked, id=16512, stack(0x0000009e55100000,0x0000009e55200000)]
  0x0000020356f7cf20 JavaThread "Incoming local TCP Connector on port 59619" [_thread_in_native, id=9472, stack(0x0000009e55200000,0x0000009e55300000)]
  0x00000203571fb010 JavaThread "Daemon periodic checks" [_thread_blocked, id=8320, stack(0x0000009e55300000,0x0000009e55400000)]
  0x000002035724b840 JavaThread "Daemon" [_thread_blocked, id=17348, stack(0x0000009e55400000,0x0000009e55500000)]
  0x00000203572355a0 JavaThread "Handler for socket connection from /127.0.0.1:59619 to /127.0.0.1:59620" [_thread_in_native, id=8992, stack(0x0000009e55500000,0x0000009e55600000)]
  0x0000020355ac7430 JavaThread "Cancel handler" [_thread_blocked, id=3280, stack(0x0000009e55600000,0x0000009e55700000)]
  0x0000020355ac5280 JavaThread "Daemon worker" [_thread_in_vm, id=17200, stack(0x0000009e55700000,0x0000009e55800000)]
  0x0000020355ac48e0 JavaThread "Asynchronous log dispatcher for DefaultDaemonConnection: socket connection from /127.0.0.1:59619 to /127.0.0.1:59620" [_thread_blocked, id=12476, stack(0x0000009e55800000,0x0000009e55900000)]
  0x0000020355ac4410 JavaThread "Stdin handler" [_thread_blocked, id=1460, stack(0x0000009e55900000,0x0000009e55a00000)]
  0x0000020355ac4db0 JavaThread "Daemon client event forwarder" [_thread_blocked, id=4788, stack(0x0000009e55a00000,0x0000009e55b00000)]
  0x0000020355ac6a90 JavaThread "Cache worker for journal cache (C:\Users\111\.gradle\caches\journal-1)" [_thread_blocked, id=11032, stack(0x0000009e55f00000,0x0000009e56000000)]
  0x0000020355ac5750 JavaThread "File lock request listener" [_thread_in_native, id=5044, stack(0x0000009e56000000,0x0000009e56100000)]
  0x0000020355ac5c20 JavaThread "Cache worker for file hash cache (C:\Users\111\.gradle\caches\8.0\fileHashes)" [_thread_blocked, id=1304, stack(0x0000009e56100000,0x0000009e56200000)]
  0x0000020355ac60f0 JavaThread "File watcher server" daemon [_thread_in_native, id=14828, stack(0x0000009e56200000,0x0000009e56300000)]
  0x0000020355ac65c0 JavaThread "File watcher consumer" daemon [_thread_blocked, id=9272, stack(0x0000009e56300000,0x0000009e56400000)]
  0x0000020355ac6f60 JavaThread "jar transforms" [_thread_blocked, id=9376, stack(0x0000009e56400000,0x0000009e56500000)]
  0x0000020355ac7900 JavaThread "jar transforms Thread 2" [_thread_blocked, id=14892, stack(0x0000009e56500000,0x0000009e56600000)]
  0x0000020355ac3f40 JavaThread "jar transforms Thread 3" [_thread_blocked, id=17004, stack(0x0000009e56600000,0x0000009e56700000)]
  0x0000020359d418d0 JavaThread "jar transforms Thread 4" [_thread_blocked, id=2928, stack(0x0000009e56700000,0x0000009e56800000)]
  0x0000020359d43a80 JavaThread "jar transforms Thread 5" [_thread_blocked, id=15248, stack(0x0000009e56800000,0x0000009e56900000)]
  0x0000020359d47910 JavaThread "jar transforms Thread 6" [_thread_blocked, id=9080, stack(0x0000009e56900000,0x0000009e56a00000)]
  0x0000020359d41400 JavaThread "jar transforms Thread 7" [_thread_blocked, id=6884, stack(0x0000009e56a00000,0x0000009e56b00000)]
  0x0000020359d47440 JavaThread "jar transforms Thread 8" [_thread_blocked, id=2348, stack(0x0000009e56b00000,0x0000009e56c00000)]
  0x0000020359d46100 JavaThread "Cache worker for checksums cache (D:\AgroLine\.gradle\8.0\checksums)" [_thread_blocked, id=9852, stack(0x0000009e56c00000,0x0000009e56d00000)]
  0x0000020359d43f50 JavaThread "Cache worker for cache directory md-rule (C:\Users\111\.gradle\caches\8.0\md-rule)" [_thread_blocked, id=12108, stack(0x0000009e56d00000,0x0000009e56e00000)]
  0x0000020359d430e0 JavaThread "Cache worker for file content cache (C:\Users\111\.gradle\caches\8.0\fileContent)" [_thread_blocked, id=13200, stack(0x0000009e56e00000,0x0000009e56f00000)]
  0x0000020359d45290 JavaThread "Cache worker for file hash cache (D:\AgroLine\.gradle\8.0\fileHashes)" [_thread_blocked, id=1160, stack(0x0000009e56f00000,0x0000009e57000000)]
  0x0000020359d47de0 JavaThread "Cache worker for cache directory md-supplier (C:\Users\111\.gradle\caches\8.0\md-supplier)" [_thread_blocked, id=14044, stack(0x0000009e57000000,0x0000009e57100000)]
  0x0000020359d44420 JavaThread "Cache worker for execution history cache (C:\Users\111\.gradle\caches\8.0\executionHistory)" [_thread_blocked, id=3288, stack(0x0000009e57100000,0x0000009e57200000)]
  0x0000020359d45760 JavaThread "Cache worker for kotlin-dsl (C:\Users\111\.gradle\caches\8.0\kotlin-dsl)" [_thread_blocked, id=14400, stack(0x0000009e57200000,0x0000009e57300000)]
  0x0000020359d46aa0 JavaThread "Cache worker for dependencies-accessors (D:\AgroLine\.gradle\8.0\dependencies-accessors)" [_thread_blocked, id=9536, stack(0x0000009e57300000,0x0000009e57400000)]
  0x0000020359d48780 JavaThread "Cache worker for Build Output Cleanup Cache (D:\AgroLine\.gradle\buildOutputCleanup)" [_thread_blocked, id=11368, stack(0x0000009e57400000,0x0000009e57500000)]
  0x0000020359d448f0 JavaThread "Unconstrained build operations" [_thread_blocked, id=10088, stack(0x0000009e57600000,0x0000009e57700000)]
  0x0000020359d42270 JavaThread "Unconstrained build operations Thread 2" [_thread_blocked, id=9704, stack(0x0000009e57700000,0x0000009e57800000)]
  0x0000020359d42740 JavaThread "Unconstrained build operations Thread 3" [_thread_blocked, id=2160, stack(0x0000009e57800000,0x0000009e57900000)]
  0x0000020359d42c10 JavaThread "Unconstrained build operations Thread 4" [_thread_blocked, id=14520, stack(0x0000009e57900000,0x0000009e57a00000)]
  0x0000020359d44dc0 JavaThread "Unconstrained build operations Thread 5" [_thread_blocked, id=17116, stack(0x0000009e57a00000,0x0000009e57b00000)]
  0x0000020358678500 JavaThread "Unconstrained build operations Thread 6" [_thread_blocked, id=5272, stack(0x0000009e57b00000,0x0000009e57c00000)]
  0x0000020358679840 JavaThread "Unconstrained build operations Thread 7" [_thread_blocked, id=12604, stack(0x0000009e57c00000,0x0000009e57d00000)]
  0x0000020358676cf0 JavaThread "Unconstrained build operations Thread 8" [_thread_blocked, id=15656, stack(0x0000009e57d00000,0x0000009e57e00000)]
  0x00000203586789d0 JavaThread "Unconstrained build operations Thread 9" [_thread_blocked, id=15184, stack(0x0000009e57e00000,0x0000009e57f00000)]
  0x0000020358678ea0 JavaThread "Unconstrained build operations Thread 10" [_thread_blocked, id=14404, stack(0x0000009e57f00000,0x0000009e58000000)]
  0x0000020358679d10 JavaThread "Unconstrained build operations Thread 11" [_thread_blocked, id=11072, stack(0x0000009e58000000,0x0000009e58100000)]
  0x0000020358677b60 JavaThread "Unconstrained build operations Thread 12" [_thread_blocked, id=9484, stack(0x0000009e58100000,0x0000009e58200000)]
  0x0000020358679370 JavaThread "Unconstrained build operations Thread 13" [_thread_blocked, id=12716, stack(0x0000009e58200000,0x0000009e58300000)]
  0x0000020358678030 JavaThread "Unconstrained build operations Thread 14" [_thread_blocked, id=3384, stack(0x0000009e58300000,0x0000009e58400000)]
  0x0000020358677690 JavaThread "Unconstrained build operations Thread 15" [_thread_blocked, id=6848, stack(0x0000009e58400000,0x0000009e58500000)]
  0x000002035867a1e0 JavaThread "Unconstrained build operations Thread 16" [_thread_blocked, id=14504, stack(0x0000009e58500000,0x0000009e58600000)]
  0x0000020358676820 JavaThread "Unconstrained build operations Thread 17" [_thread_blocked, id=13028, stack(0x0000009e58600000,0x0000009e58700000)]
  0x00000203586771c0 JavaThread "Unconstrained build operations Thread 18" [_thread_blocked, id=15388, stack(0x0000009e58700000,0x0000009e58800000)]
  0x000002035a60b060 JavaThread "Unconstrained build operations Thread 19" [_thread_blocked, id=10932, stack(0x0000009e58800000,0x0000009e58900000)]
  0x000002035a60ea20 JavaThread "Unconstrained build operations Thread 20" [_thread_blocked, id=11852, stack(0x0000009e58900000,0x0000009e58a00000)]
  0x000002035a60b530 JavaThread "Unconstrained build operations Thread 21" [_thread_blocked, id=13504, stack(0x0000009e58a00000,0x0000009e58b00000)]
  0x000002035a60e080 JavaThread "Unconstrained build operations Thread 22" [_thread_blocked, id=15508, stack(0x0000009e58b00000,0x0000009e58c00000)]
  0x000002035a60ba00 JavaThread "Unconstrained build operations Thread 23" [_thread_blocked, id=2672, stack(0x0000009e58c00000,0x0000009e58d00000)]
  0x000002035a60bed0 JavaThread "Unconstrained build operations Thread 24" [_thread_blocked, id=5140, stack(0x0000009e58d00000,0x0000009e58e00000)]
  0x000002035a60c3a0 JavaThread "Unconstrained build operations Thread 25" [_thread_blocked, id=2088, stack(0x0000009e58e00000,0x0000009e58f00000)]
  0x000002035a60c870 JavaThread "Unconstrained build operations Thread 26" [_thread_blocked, id=15424, stack(0x0000009e58f00000,0x0000009e59000000)]
  0x000002035a60cd40 JavaThread "Unconstrained build operations Thread 27" [_thread_blocked, id=10832, stack(0x0000009e59000000,0x0000009e59100000)]
  0x000002035a60d210 JavaThread "Unconstrained build operations Thread 28" [_thread_blocked, id=16336, stack(0x0000009e59100000,0x0000009e59200000)]
  0x000002035a60d6e0 JavaThread "Unconstrained build operations Thread 29" [_thread_blocked, id=16464, stack(0x0000009e59200000,0x0000009e59300000)]
  0x000002035a60dbb0 JavaThread "Unconstrained build operations Thread 30" [_thread_blocked, id=5164, stack(0x0000009e59300000,0x0000009e59400000)]
  0x000002035a60e550 JavaThread "Unconstrained build operations Thread 31" [_thread_blocked, id=13652, stack(0x0000009e59400000,0x0000009e59500000)]
  0x000002035a74c9a0 JavaThread "Unconstrained build operations Thread 32" [_thread_blocked, id=16080, stack(0x0000009e59500000,0x0000009e59600000)]
  0x000002035a7494b0 JavaThread "Unconstrained build operations Thread 33" [_thread_blocked, id=9252, stack(0x0000009e59600000,0x0000009e59700000)]
  0x000002035a74d340 JavaThread "Unconstrained build operations Thread 34" [_thread_blocked, id=16844, stack(0x0000009e59700000,0x0000009e59800000)]
  0x000002035a748fe0 JavaThread "Unconstrained build operations Thread 35" [_thread_blocked, id=16992, stack(0x0000009e59800000,0x0000009e59900000)]
  0x000002035a7477d0 JavaThread "Unconstrained build operations Thread 36" [_thread_blocked, id=9132, stack(0x0000009e59900000,0x0000009e59a00000)]
  0x000002035a74a320 JavaThread "Unconstrained build operations Thread 37" [_thread_blocked, id=15812, stack(0x0000009e59a00000,0x0000009e59b00000)]
  0x000002035a746490 JavaThread "Unconstrained build operations Thread 38" [_thread_blocked, id=4528, stack(0x0000009e59b00000,0x0000009e59c00000)]
  0x000002035a748b10 JavaThread "Unconstrained build operations Thread 39" [_thread_blocked, id=16788, stack(0x0000009e59c00000,0x0000009e59d00000)]
  0x000002035a747300 JavaThread "Unconstrained build operations Thread 40" [_thread_blocked, id=16032, stack(0x0000009e59d00000,0x0000009e59e00000)]
  0x000002035a74ce70 JavaThread "Unconstrained build operations Thread 41" [_thread_blocked, id=9448, stack(0x0000009e59e00000,0x0000009e59f00000)]
  0x000002035a745fc0 JavaThread "Unconstrained build operations Thread 42" [_thread_blocked, id=4832, stack(0x0000009e59f00000,0x0000009e5a000000)]
  0x000002035a747ca0 JavaThread "Unconstrained build operations Thread 43" [_thread_blocked, id=12316, stack(0x0000009e5a000000,0x0000009e5a100000)]
  0x000002035a746960 JavaThread "Unconstrained build operations Thread 44" [_thread_blocked, id=2880, stack(0x0000009e5a100000,0x0000009e5a200000)]
  0x000002035a74c4d0 JavaThread "Unconstrained build operations Thread 45" [_thread_blocked, id=9968, stack(0x0000009e5a200000,0x0000009e5a300000)]
  0x000002035a74d810 JavaThread "Unconstrained build operations Thread 46" [_thread_blocked, id=1488, stack(0x0000009e5a300000,0x0000009e5a400000)]
  0x000002035a746e30 JavaThread "Unconstrained build operations Thread 47" [_thread_blocked, id=12184, stack(0x0000009e5a400000,0x0000009e5a500000)]
  0x000002035a748640 JavaThread "Unconstrained build operations Thread 48" [_thread_blocked, id=11136, stack(0x0000009e5a500000,0x0000009e5a600000)]
  0x000002035a749980 JavaThread "Unconstrained build operations Thread 49" [_thread_blocked, id=9628, stack(0x0000009e5a600000,0x0000009e5a700000)]
  0x000002035a748170 JavaThread "Unconstrained build operations Thread 50" [_thread_blocked, id=12020, stack(0x0000009e5a700000,0x0000009e5a800000)]
  0x000002035a749e50 JavaThread "Unconstrained build operations Thread 51" [_thread_blocked, id=13864, stack(0x0000009e5a800000,0x0000009e5a900000)]
  0x000002035a74a7f0 JavaThread "Unconstrained build operations Thread 52" [_thread_blocked, id=14464, stack(0x0000009e5a900000,0x0000009e5aa00000)]
  0x000002035a74acc0 JavaThread "Unconstrained build operations Thread 53" [_thread_blocked, id=16112, stack(0x0000009e5aa00000,0x0000009e5ab00000)]
  0x000002035a74b190 JavaThread "Unconstrained build operations Thread 54" [_thread_blocked, id=1356, stack(0x0000009e5ab00000,0x0000009e5ac00000)]
  0x000002035a74c000 JavaThread "Unconstrained build operations Thread 55" [_thread_blocked, id=3020, stack(0x0000009e5ac00000,0x0000009e5ad00000)]
  0x000002035a74b660 JavaThread "Unconstrained build operations Thread 56" [_thread_blocked, id=9396, stack(0x0000009e5ad00000,0x0000009e5ae00000)]
  0x000002035a74bb30 JavaThread "Unconstrained build operations Thread 57" [_thread_blocked, id=15772, stack(0x0000009e5ae00000,0x0000009e5af00000)]
  0x000002035a70d550 JavaThread "Unconstrained build operations Thread 58" [_thread_blocked, id=15952, stack(0x0000009e5af00000,0x0000009e5b000000)]
  0x000002035a70def0 JavaThread "Unconstrained build operations Thread 59" [_thread_blocked, id=17280, stack(0x0000009e5b000000,0x0000009e5b100000)]
  0x000002035a70bd40 JavaThread "Unconstrained build operations Thread 60" [_thread_blocked, id=13664, stack(0x0000009e5b100000,0x0000009e5b200000)]
  0x000002035a710f10 JavaThread "Unconstrained build operations Thread 61" [_thread_blocked, id=4368, stack(0x0000009e5b200000,0x0000009e5b300000)]
  0x000002035a70b3a0 JavaThread "Unconstrained build operations Thread 62" [_thread_blocked, id=10168, stack(0x0000009e5b300000,0x0000009e5b400000)]
  0x000002035a70fbd0 JavaThread "Unconstrained build operations Thread 63" [_thread_blocked, id=4188, stack(0x0000009e5b400000,0x0000009e5b500000)]
  0x000002035a70c210 JavaThread "Unconstrained build operations Thread 64" [_thread_blocked, id=16332, stack(0x0000009e5b500000,0x0000009e5b600000)]
  0x000002035a70cbb0 JavaThread "Unconstrained build operations Thread 65" [_thread_blocked, id=10176, stack(0x0000009e5b600000,0x0000009e5b700000)]
  0x000002035a70d080 JavaThread "Unconstrained build operations Thread 66" [_thread_blocked, id=11164, stack(0x0000009e5b700000,0x0000009e5b800000)]
  0x000002035a70b870 JavaThread "Unconstrained build operations Thread 67" [_thread_blocked, id=13772, stack(0x0000009e5b800000,0x0000009e5b900000)]
  0x000002035a70e890 JavaThread "Unconstrained build operations Thread 68" [_thread_blocked, id=1640, stack(0x0000009e5b900000,0x0000009e5ba00000)]
  0x000002035a70e3c0 JavaThread "Unconstrained build operations Thread 69" [_thread_blocked, id=9996, stack(0x0000009e5ba00000,0x0000009e5bb00000)]
  0x000002035a70a060 JavaThread "Unconstrained build operations Thread 70" [_thread_blocked, id=1816, stack(0x0000009e5bb00000,0x0000009e5bc00000)]
  0x000002035a710a40 JavaThread "Unconstrained build operations Thread 71" [_thread_blocked, id=16184, stack(0x0000009e5bc00000,0x0000009e5bd00000)]
  0x000002035a70a530 JavaThread "Unconstrained build operations Thread 72" [_thread_blocked, id=5364, stack(0x0000009e5bd00000,0x0000009e5be00000)]
  0x000002035a7100a0 JavaThread "Unconstrained build operations Thread 73" [_thread_blocked, id=3612, stack(0x0000009e5be00000,0x0000009e5bf00000)]
  0x000002035a70c6e0 JavaThread "Unconstrained build operations Thread 74" [_thread_blocked, id=15996, stack(0x0000009e5bf00000,0x0000009e5c000000)]
  0x000002035a7118b0 JavaThread "Unconstrained build operations Thread 75" [_thread_blocked, id=15720, stack(0x0000009e5c000000,0x0000009e5c100000)]
  0x000002035a70ed60 JavaThread "Unconstrained build operations Thread 76" [_thread_blocked, id=5144, stack(0x0000009e5c100000,0x0000009e5c200000)]
  0x000002035a70da20 JavaThread "Unconstrained build operations Thread 77" [_thread_blocked, id=2872, stack(0x0000009e5c200000,0x0000009e5c300000)]
  0x000002035a70f230 JavaThread "Unconstrained build operations Thread 78" [_thread_blocked, id=17244, stack(0x0000009e5c300000,0x0000009e5c400000)]
  0x000002035a7113e0 JavaThread "Unconstrained build operations Thread 79" [_thread_blocked, id=17300, stack(0x0000009e5c400000,0x0000009e5c500000)]
  0x000002035a70f700 JavaThread "Unconstrained build operations Thread 80" [_thread_blocked, id=1820, stack(0x0000009e5c500000,0x0000009e5c600000)]

Other Threads:
  0x0000020354d77b70 VMThread "VM Thread" [stack: 0x0000009e54000000,0x0000009e54100000] [id=16352]
  0x00000203559386b0 WatcherThread [stack: 0x0000009e54c00000,0x0000009e54d00000] [id=14360]
  0x000002033af9d3a0 GCTaskThread "GC Thread#0" [stack: 0x0000009e53b00000,0x0000009e53c00000] [id=9812]
  0x000002035685dae0 GCTaskThread "GC Thread#1" [stack: 0x0000009e54d00000,0x0000009e54e00000] [id=16928]
  0x000002035685dd90 GCTaskThread "GC Thread#2" [stack: 0x0000009e54e00000,0x0000009e54f00000] [id=13848]
  0x0000020355bc9e60 GCTaskThread "GC Thread#3" [stack: 0x0000009e54f00000,0x0000009e55000000] [id=14612]
  0x0000020355a206b0 GCTaskThread "GC Thread#4" [stack: 0x0000009e55000000,0x0000009e55100000] [id=12792]
  0x00000203570c2040 GCTaskThread "GC Thread#5" [stack: 0x0000009e55b00000,0x0000009e55c00000] [id=3616]
  0x00000203570c22f0 GCTaskThread "GC Thread#6" [stack: 0x0000009e55c00000,0x0000009e55d00000] [id=1748]
  0x0000020357d1ee40 GCTaskThread "GC Thread#7" [stack: 0x0000009e55d00000,0x0000009e55e00000] [id=10408]
  0x000002033afae2e0 ConcurrentGCThread "G1 Main Marker" [stack: 0x0000009e53c00000,0x0000009e53d00000] [id=15756]
  0x000002033afaedc0 ConcurrentGCThread "G1 Conc#0" [stack: 0x0000009e53d00000,0x0000009e53e00000] [id=15876]
  0x0000020355dd3320 ConcurrentGCThread "G1 Conc#1" [stack: 0x0000009e55e00000,0x0000009e55f00000] [id=13044]
  0x0000020354bf20c0 ConcurrentGCThread "G1 Refine#0" [stack: 0x0000009e53e00000,0x0000009e53f00000] [id=1480]
  0x0000020354bf2ae0 ConcurrentGCThread "G1 Service" [stack: 0x0000009e53f00000,0x0000009e54000000] [id=13820]

Threads with active compile tasks:
C2 CompilerThread0    23805 6783   !   4       jdk.internal.loader.Resource::getBytes (244 bytes)

VM state: not at safepoint (normal execution)

VM Mutex/Monitor currently owned by a thread: None

Heap address: 0x0000000080000000, size: 2048 MB, Compressed Oops mode: 32-bit

CDS archive(s) not mapped
Compressed class space mapped at: 0x0000000100000000-0x0000000140000000, reserved size: 1073741824
Narrow klass base: 0x0000000000000000, Narrow klass shift: 3, Narrow klass range: 0x140000000

GC Precious Log:
 CPUs: 8 total, 8 available
 Memory: 8112M
 Large Page Support: Disabled
 NUMA Support: Disabled
 Compressed Oops: Enabled (32-bit)
 Heap Region Size: 1M
 Heap Min Capacity: 8M
 Heap Initial Capacity: 128M
 Heap Max Capacity: 2G
 Pre-touch: Disabled
 Parallel Workers: 8
 Concurrent Workers: 2
 Concurrent Refinement Workers: 8
 Periodic GC: Disabled

Heap:
 garbage-first heap   total 144384K, used 110110K [0x0000000080000000, 0x0000000100000000)
  region size 1024K, 23 young (23552K), 2 survivors (2048K)
 Metaspace       used 65108K, committed 65728K, reserved 1105920K
  class space    used 8697K, committed 8960K, reserved 1048576K

Heap Regions: E=young(eden), S=young(survivor), O=old, HS=humongous(starts), HC=humongous(continues), CS=collection set, F=free, OA=open archive, CA=closed archive, TAMS=top-at-mark-start (previous, next)
|   0|0x0000000080000000, 0x0000000080100000, 0x0000000080100000|100%|HS|  |TAMS 0x0000000080100000, 0x0000000080000000| Complete 
|   1|0x0000000080100000, 0x0000000080200000, 0x0000000080200000|100%|HC|  |TAMS 0x0000000080200000, 0x0000000080100000| Complete 
|   2|0x0000000080200000, 0x0000000080300000, 0x0000000080300000|100%|HC|  |TAMS 0x0000000080300000, 0x0000000080200000| Complete 
|   3|0x0000000080300000, 0x0000000080400000, 0x0000000080400000|100%|HC|  |TAMS 0x0000000080400000, 0x0000000080300000| Complete 
|   4|0x0000000080400000, 0x0000000080500000, 0x0000000080500000|100%| O|  |TAMS 0x0000000080500000, 0x0000000080400000| Untracked 
|   5|0x0000000080500000, 0x0000000080600000, 0x0000000080600000|100%| O|  |TAMS 0x0000000080600000, 0x0000000080500000| Untracked 
|   6|0x0000000080600000, 0x0000000080700000, 0x0000000080700000|100%| O|  |TAMS 0x0000000080700000, 0x0000000080600000| Untracked 
|   7|0x0000000080700000, 0x0000000080800000, 0x0000000080800000|100%| O|  |TAMS 0x0000000080800000, 0x0000000080700000| Untracked 
|   8|0x0000000080800000, 0x0000000080900000, 0x0000000080900000|100%| O|  |TAMS 0x0000000080900000, 0x0000000080800000| Untracked 
|   9|0x0000000080900000, 0x0000000080a00000, 0x0000000080a00000|100%| O|  |TAMS 0x0000000080a00000, 0x0000000080900000| Untracked 
|  10|0x0000000080a00000, 0x0000000080b00000, 0x0000000080b00000|100%| O|  |TAMS 0x0000000080b00000, 0x0000000080a00000| Untracked 
|  11|0x0000000080b00000, 0x0000000080c00000, 0x0000000080c00000|100%| O|  |TAMS 0x0000000080b00000, 0x0000000080b00000| Untracked 
|  12|0x0000000080c00000, 0x0000000080d00000, 0x0000000080d00000|100%| O|  |TAMS 0x0000000080d00000, 0x0000000080c00000| Untracked 
|  13|0x0000000080d00000, 0x0000000080e00000, 0x0000000080e00000|100%| O|  |TAMS 0x0000000080e00000, 0x0000000080d00000| Untracked 
|  14|0x0000000080e00000, 0x0000000080f00000, 0x0000000080f00000|100%| O|  |TAMS 0x0000000080f00000, 0x0000000080e00000| Untracked 
|  15|0x0000000080f00000, 0x0000000081000000, 0x0000000081000000|100%| O|  |TAMS 0x0000000081000000, 0x0000000080f00000| Untracked 
|  16|0x0000000081000000, 0x0000000081100000, 0x0000000081100000|100%| O|  |TAMS 0x0000000081100000, 0x0000000081000000| Untracked 
|  17|0x0000000081100000, 0x0000000081200000, 0x0000000081200000|100%| O|  |TAMS 0x0000000081200000, 0x0000000081100000| Untracked 
|  18|0x0000000081200000, 0x0000000081300000, 0x0000000081300000|100%| O|  |TAMS 0x0000000081300000, 0x0000000081200000| Untracked 
|  19|0x0000000081300000, 0x0000000081400000, 0x0000000081400000|100%|HS|  |TAMS 0x0000000081400000, 0x0000000081300000| Complete 
|  20|0x0000000081400000, 0x0000000081500000, 0x0000000081500000|100%|HC|  |TAMS 0x0000000081500000, 0x0000000081400000| Complete 
|  21|0x0000000081500000, 0x0000000081600000, 0x0000000081600000|100%|HS|  |TAMS 0x0000000081600000, 0x0000000081500000| Complete 
|  22|0x0000000081600000, 0x0000000081700000, 0x0000000081700000|100%|HC|  |TAMS 0x0000000081700000, 0x0000000081600000| Complete 
|  23|0x0000000081700000, 0x0000000081800000, 0x0000000081800000|100%|HC|  |TAMS 0x0000000081800000, 0x0000000081700000| Complete 
|  24|0x0000000081800000, 0x0000000081900000, 0x0000000081900000|100%| O|  |TAMS 0x0000000081900000, 0x0000000081800000| Untracked 
|  25|0x0000000081900000, 0x0000000081a00000, 0x0000000081a00000|100%| O|  |TAMS 0x0000000081a00000, 0x0000000081900000| Untracked 
|  26|0x0000000081a00000, 0x0000000081b00000, 0x0000000081b00000|100%| O|  |TAMS 0x0000000081b00000, 0x0000000081a00000| Untracked 
|  27|0x0000000081b00000, 0x0000000081c00000, 0x0000000081c00000|100%| O|  |TAMS 0x0000000081c00000, 0x0000000081b00000| Untracked 
|  28|0x0000000081c00000, 0x0000000081d00000, 0x0000000081d00000|100%|HS|  |TAMS 0x0000000081d00000, 0x0000000081c00000| Complete 
|  29|0x0000000081d00000, 0x0000000081e00000, 0x0000000081e00000|100%|HC|  |TAMS 0x0000000081e00000, 0x0000000081d00000| Complete 
|  30|0x0000000081e00000, 0x0000000081f00000, 0x0000000081f00000|100%|HC|  |TAMS 0x0000000081f00000, 0x0000000081e00000| Complete 
|  31|0x0000000081f00000, 0x0000000082000000, 0x0000000082000000|100%| O|  |TAMS 0x0000000082000000, 0x0000000081f00000| Untracked 
|  32|0x0000000082000000, 0x0000000082100000, 0x0000000082100000|100%|HS|  |TAMS 0x0000000082100000, 0x0000000082000000| Complete 
|  33|0x0000000082100000, 0x0000000082200000, 0x0000000082200000|100%|HC|  |TAMS 0x0000000082200000, 0x0000000082100000| Complete 
|  34|0x0000000082200000, 0x0000000082300000, 0x0000000082300000|100%|HC|  |TAMS 0x0000000082300000, 0x0000000082200000| Complete 
|  35|0x0000000082300000, 0x0000000082400000, 0x0000000082400000|100%|HC|  |TAMS 0x0000000082400000, 0x0000000082300000| Complete 
|  36|0x0000000082400000, 0x0000000082500000, 0x0000000082500000|100%|HC|  |TAMS 0x0000000082500000, 0x0000000082400000| Complete 
|  37|0x0000000082500000, 0x0000000082600000, 0x0000000082600000|100%|HC|  |TAMS 0x0000000082600000, 0x0000000082500000| Complete 
|  38|0x0000000082600000, 0x0000000082700000, 0x0000000082700000|100%|HC|  |TAMS 0x0000000082700000, 0x0000000082600000| Complete 
|  39|0x0000000082700000, 0x0000000082800000, 0x0000000082800000|100%|HC|  |TAMS 0x0000000082800000, 0x0000000082700000| Complete 
|  40|0x0000000082800000, 0x0000000082900000, 0x0000000082900000|100%|HC|  |TAMS 0x0000000082900000, 0x0000000082800000| Complete 
|  41|0x0000000082900000, 0x0000000082a00000, 0x0000000082a00000|100%|HC|  |TAMS 0x0000000082a00000, 0x0000000082900000| Complete 
|  42|0x0000000082a00000, 0x0000000082b00000, 0x0000000082b00000|100%|HC|  |TAMS 0x0000000082b00000, 0x0000000082a00000| Complete 
|  43|0x0000000082b00000, 0x0000000082c00000, 0x0000000082c00000|100%|HC|  |TAMS 0x0000000082c00000, 0x0000000082b00000| Complete 
|  44|0x0000000082c00000, 0x0000000082d00000, 0x0000000082d00000|100%| O|  |TAMS 0x0000000082d00000, 0x0000000082c00000| Untracked 
|  45|0x0000000082d00000, 0x0000000082e00000, 0x0000000082e00000|100%|HS|  |TAMS 0x0000000082e00000, 0x0000000082d00000| Complete 
|  46|0x0000000082e00000, 0x0000000082f00000, 0x0000000082f00000|100%|HC|  |TAMS 0x0000000082f00000, 0x0000000082e00000| Complete 
|  47|0x0000000082f00000, 0x0000000083000000, 0x0000000083000000|100%| O|  |TAMS 0x0000000083000000, 0x0000000082f00000| Untracked 
|  48|0x0000000083000000, 0x0000000083100000, 0x0000000083100000|100%| O|  |TAMS 0x0000000083100000, 0x0000000083000000| Untracked 
|  49|0x0000000083100000, 0x0000000083200000, 0x0000000083200000|100%| O|  |TAMS 0x0000000083200000, 0x0000000083100000| Untracked 
|  50|0x0000000083200000, 0x0000000083300000, 0x0000000083300000|100%| O|  |TAMS 0x0000000083300000, 0x0000000083200000| Untracked 
|  51|0x0000000083300000, 0x0000000083400000, 0x0000000083400000|100%| O|  |TAMS 0x0000000083400000, 0x0000000083300000| Untracked 
|  52|0x0000000083400000, 0x0000000083500000, 0x0000000083500000|100%| O|  |TAMS 0x0000000083500000, 0x0000000083400000| Untracked 
|  53|0x0000000083500000, 0x0000000083600000, 0x0000000083600000|100%| O|  |TAMS 0x0000000083600000, 0x0000000083500000| Untracked 
|  54|0x0000000083600000, 0x0000000083700000, 0x0000000083700000|100%|HS|  |TAMS 0x0000000083700000, 0x0000000083600000| Complete 
|  55|0x0000000083700000, 0x0000000083800000, 0x0000000083800000|100%|HC|  |TAMS 0x0000000083800000, 0x0000000083700000| Complete 
|  56|0x0000000083800000, 0x0000000083900000, 0x0000000083900000|100%|HC|  |TAMS 0x0000000083900000, 0x0000000083800000| Complete 
|  57|0x0000000083900000, 0x0000000083a00000, 0x0000000083a00000|100%| O|  |TAMS 0x0000000083a00000, 0x0000000083900000| Untracked 
|  58|0x0000000083a00000, 0x0000000083b00000, 0x0000000083b00000|100%| O|  |TAMS 0x0000000083b00000, 0x0000000083a00000| Complete 
|  59|0x0000000083b00000, 0x0000000083c00000, 0x0000000083c00000|100%|HS|  |TAMS 0x0000000083c00000, 0x0000000083b00000| Complete 
|  60|0x0000000083c00000, 0x0000000083d00000, 0x0000000083d00000|100%|HC|  |TAMS 0x0000000083d00000, 0x0000000083c00000| Complete 
|  61|0x0000000083d00000, 0x0000000083e00000, 0x0000000083e00000|100%|HC|  |TAMS 0x0000000083e00000, 0x0000000083d00000| Complete 
|  62|0x0000000083e00000, 0x0000000083f00000, 0x0000000083f00000|100%| O|  |TAMS 0x0000000083f00000, 0x0000000083e00000| Untracked 
|  63|0x0000000083f00000, 0x0000000084000000, 0x0000000084000000|100%| O|  |TAMS 0x0000000084000000, 0x0000000083f00000| Untracked 
|  64|0x0000000084000000, 0x0000000084100000, 0x0000000084100000|100%| O|  |TAMS 0x0000000084100000, 0x0000000084000000| Untracked 
|  65|0x0000000084100000, 0x0000000084200000, 0x0000000084200000|100%| O|  |TAMS 0x0000000084200000, 0x0000000084100000| Untracked 
|  66|0x0000000084200000, 0x0000000084300000, 0x0000000084300000|100%| O|  |TAMS 0x0000000084300000, 0x0000000084200000| Untracked 
|  67|0x0000000084300000, 0x0000000084400000, 0x0000000084400000|100%| O|  |TAMS 0x0000000084400000, 0x0000000084300000| Untracked 
|  68|0x0000000084400000, 0x0000000084500000, 0x0000000084500000|100%| O|  |TAMS 0x0000000084500000, 0x0000000084400000| Untracked 
|  69|0x0000000084500000, 0x0000000084600000, 0x0000000084600000|100%| O|  |TAMS 0x0000000084600000, 0x0000000084500000| Untracked 
|  70|0x0000000084600000, 0x0000000084700000, 0x0000000084700000|100%| O|  |TAMS 0x0000000084700000, 0x0000000084600000| Untracked 
|  71|0x0000000084700000, 0x0000000084800000, 0x0000000084800000|100%| O|  |TAMS 0x0000000084800000, 0x0000000084700000| Untracked 
|  72|0x0000000084800000, 0x0000000084900000, 0x0000000084900000|100%| O|  |TAMS 0x0000000084900000, 0x0000000084800000| Untracked 
|  73|0x0000000084900000, 0x0000000084a00000, 0x0000000084a00000|100%| O|  |TAMS 0x00000000849df200, 0x0000000084900000| Untracked 
|  74|0x0000000084a00000, 0x0000000084b00000, 0x0000000084b00000|100%| O|  |TAMS 0x0000000084a00000, 0x0000000084a00000| Untracked 
|  75|0x0000000084b00000, 0x0000000084c00000, 0x0000000084c00000|100%| O|  |TAMS 0x0000000084b00000, 0x0000000084b00000| Untracked 
|  76|0x0000000084c00000, 0x0000000084cad800, 0x0000000084d00000| 67%| O|  |TAMS 0x0000000084c00000, 0x0000000084c00000| Untracked 
|  77|0x0000000084d00000, 0x0000000084e00000, 0x0000000084e00000|100%|HS|  |TAMS 0x0000000084d00000, 0x0000000084d00000| Complete 
|  78|0x0000000084e00000, 0x0000000084f00000, 0x0000000084f00000|100%|HS|  |TAMS 0x0000000084e00000, 0x0000000084e00000| Complete 
|  79|0x0000000084f00000, 0x0000000085000000, 0x0000000085000000|100%|HS|  |TAMS 0x0000000084f00000, 0x0000000084f00000| Complete 
|  80|0x0000000085000000, 0x0000000085100000, 0x0000000085100000|100%|HS|  |TAMS 0x0000000085000000, 0x0000000085000000| Complete 
|  81|0x0000000085100000, 0x0000000085200000, 0x0000000085200000|100%|HC|  |TAMS 0x0000000085100000, 0x0000000085100000| Complete 
|  82|0x0000000085200000, 0x0000000085300000, 0x0000000085300000|100%|HS|  |TAMS 0x0000000085200000, 0x0000000085200000| Complete 
|  83|0x0000000085300000, 0x0000000085400000, 0x0000000085400000|100%|HC|  |TAMS 0x0000000085300000, 0x0000000085300000| Complete 
|  84|0x0000000085400000, 0x0000000085500000, 0x0000000085500000|100%|HC|  |TAMS 0x0000000085400000, 0x0000000085400000| Complete 
|  85|0x0000000085500000, 0x0000000085600000, 0x0000000085600000|100%|HC|  |TAMS 0x0000000085500000, 0x0000000085500000| Complete 
|  86|0x0000000085600000, 0x0000000085700000, 0x0000000085700000|100%|HS|  |TAMS 0x0000000085600000, 0x0000000085600000| Complete 
|  87|0x0000000085700000, 0x0000000085700000, 0x0000000085800000|  0%| F|  |TAMS 0x0000000085700000, 0x0000000085700000| Untracked 
|  88|0x0000000085800000, 0x0000000085800000, 0x0000000085900000|  0%| F|  |TAMS 0x0000000085800000, 0x0000000085800000| Untracked 
|  89|0x0000000085900000, 0x0000000085900000, 0x0000000085a00000|  0%| F|  |TAMS 0x0000000085900000, 0x0000000085900000| Untracked 
|  90|0x0000000085a00000, 0x0000000085a00000, 0x0000000085b00000|  0%| F|  |TAMS 0x0000000085a00000, 0x0000000085a00000| Untracked 
|  91|0x0000000085b00000, 0x0000000085b00000, 0x0000000085c00000|  0%| F|  |TAMS 0x0000000085b00000, 0x0000000085b00000| Untracked 
|  92|0x0000000085c00000, 0x0000000085c00000, 0x0000000085d00000|  0%| F|  |TAMS 0x0000000085c00000, 0x0000000085c00000| Untracked 
|  93|0x0000000085d00000, 0x0000000085d00000, 0x0000000085e00000|  0%| F|  |TAMS 0x0000000085d00000, 0x0000000085d00000| Untracked 
|  94|0x0000000085e00000, 0x0000000085e00000, 0x0000000085f00000|  0%| F|  |TAMS 0x0000000085e00000, 0x0000000085e00000| Untracked 
|  95|0x0000000085f00000, 0x0000000085f00000, 0x0000000086000000|  0%| F|  |TAMS 0x0000000085f00000, 0x0000000085f00000| Untracked 
|  96|0x0000000086000000, 0x0000000086000000, 0x0000000086100000|  0%| F|  |TAMS 0x0000000086000000, 0x0000000086000000| Untracked 
|  97|0x0000000086100000, 0x0000000086100000, 0x0000000086200000|  0%| F|  |TAMS 0x0000000086100000, 0x0000000086100000| Untracked 
|  98|0x0000000086200000, 0x0000000086200000, 0x0000000086300000|  0%| F|  |TAMS 0x0000000086200000, 0x0000000086200000| Untracked 
|  99|0x0000000086300000, 0x0000000086300000, 0x0000000086400000|  0%| F|  |TAMS 0x0000000086300000, 0x0000000086300000| Untracked 
| 100|0x0000000086400000, 0x0000000086400000, 0x0000000086500000|  0%| F|  |TAMS 0x0000000086400000, 0x0000000086400000| Untracked 
| 101|0x0000000086500000, 0x0000000086500000, 0x0000000086600000|  0%| F|  |TAMS 0x0000000086500000, 0x0000000086500000| Untracked 
| 102|0x0000000086600000, 0x0000000086600000, 0x0000000086700000|  0%| F|  |TAMS 0x0000000086600000, 0x0000000086600000| Untracked 
| 103|0x0000000086700000, 0x0000000086700000, 0x0000000086800000|  0%| F|  |TAMS 0x0000000086700000, 0x0000000086700000| Untracked 
| 104|0x0000000086800000, 0x0000000086800000, 0x0000000086900000|  0%| F|  |TAMS 0x0000000086800000, 0x0000000086800000| Untracked 
| 105|0x0000000086900000, 0x0000000086900000, 0x0000000086a00000|  0%| F|  |TAMS 0x0000000086900000, 0x0000000086900000| Untracked 
| 106|0x0000000086a00000, 0x0000000086a00000, 0x0000000086b00000|  0%| F|  |TAMS 0x0000000086a00000, 0x0000000086a00000| Untracked 
| 107|0x0000000086b00000, 0x0000000086b00000, 0x0000000086c00000|  0%| F|  |TAMS 0x0000000086b00000, 0x0000000086b00000| Untracked 
| 108|0x0000000086c00000, 0x0000000086c00000, 0x0000000086d00000|  0%| F|  |TAMS 0x0000000086c00000, 0x0000000086c00000| Untracked 
| 109|0x0000000086d00000, 0x0000000086d00000, 0x0000000086e00000|  0%| F|  |TAMS 0x0000000086d00000, 0x0000000086d00000| Untracked 
| 110|0x0000000086e00000, 0x0000000086e00000, 0x0000000086f00000|  0%| F|  |TAMS 0x0000000086e00000, 0x0000000086e00000| Untracked 
| 111|0x0000000086f00000, 0x0000000086f00000, 0x0000000087000000|  0%| F|  |TAMS 0x0000000086f00000, 0x0000000086f00000| Untracked 
| 112|0x0000000087000000, 0x0000000087000000, 0x0000000087100000|  0%| F|  |TAMS 0x0000000087000000, 0x0000000087000000| Untracked 
| 113|0x0000000087100000, 0x0000000087100000, 0x0000000087200000|  0%| F|  |TAMS 0x0000000087100000, 0x0000000087100000| Untracked 
| 114|0x0000000087200000, 0x0000000087200000, 0x0000000087300000|  0%| F|  |TAMS 0x0000000087200000, 0x0000000087200000| Untracked 
| 115|0x0000000087300000, 0x0000000087300000, 0x0000000087400000|  0%| F|  |TAMS 0x0000000087300000, 0x0000000087300000| Untracked 
| 116|0x0000000087400000, 0x0000000087400000, 0x0000000087500000|  0%| F|  |TAMS 0x0000000087400000, 0x0000000087400000| Untracked 
| 117|0x0000000087500000, 0x0000000087580800, 0x0000000087600000| 50%| E|  |TAMS 0x0000000087500000, 0x0000000087500000| Complete 
| 118|0x0000000087600000, 0x0000000087700000, 0x0000000087700000|100%| E|CS|TAMS 0x0000000087600000, 0x0000000087600000| Complete 
| 119|0x0000000087700000, 0x0000000087800000, 0x0000000087800000|100%| E|CS|TAMS 0x0000000087700000, 0x0000000087700000| Complete 
| 120|0x0000000087800000, 0x0000000087900000, 0x0000000087900000|100%| E|CS|TAMS 0x0000000087800000, 0x0000000087800000| Complete 
| 121|0x0000000087900000, 0x0000000087a00000, 0x0000000087a00000|100%| E|CS|TAMS 0x0000000087900000, 0x0000000087900000| Complete 
| 122|0x0000000087a00000, 0x0000000087b00000, 0x0000000087b00000|100%| E|CS|TAMS 0x0000000087a00000, 0x0000000087a00000| Complete 
| 123|0x0000000087b00000, 0x0000000087c00000, 0x0000000087c00000|100%| E|CS|TAMS 0x0000000087b00000, 0x0000000087b00000| Complete 
| 124|0x0000000087c00000, 0x0000000087d00000, 0x0000000087d00000|100%| E|CS|TAMS 0x0000000087c00000, 0x0000000087c00000| Complete 
| 125|0x0000000087d00000, 0x0000000087e00000, 0x0000000087e00000|100%| E|CS|TAMS 0x0000000087d00000, 0x0000000087d00000| Complete 
| 126|0x0000000087e00000, 0x0000000087f00000, 0x0000000087f00000|100%| E|CS|TAMS 0x0000000087e00000, 0x0000000087e00000| Complete 
| 127|0x0000000087f00000, 0x0000000088000000, 0x0000000088000000|100%| E|CS|TAMS 0x0000000087f00000, 0x0000000087f00000| Complete 
| 128|0x0000000088000000, 0x0000000088100000, 0x0000000088100000|100%| E|CS|TAMS 0x0000000088000000, 0x0000000088000000| Complete 
| 129|0x0000000088100000, 0x0000000088200000, 0x0000000088200000|100%| E|CS|TAMS 0x0000000088100000, 0x0000000088100000| Complete 
| 130|0x0000000088200000, 0x00000000882da390, 0x0000000088300000| 85%| S|CS|TAMS 0x0000000088200000, 0x0000000088200000| Complete 
| 131|0x0000000088300000, 0x0000000088400000, 0x0000000088400000|100%| S|CS|TAMS 0x0000000088300000, 0x0000000088300000| Complete 
| 132|0x0000000088400000, 0x0000000088500000, 0x0000000088500000|100%| E|  |TAMS 0x0000000088400000, 0x0000000088400000| Complete 
| 133|0x0000000088500000, 0x0000000088600000, 0x0000000088600000|100%| E|CS|TAMS 0x0000000088500000, 0x0000000088500000| Complete 
| 134|0x0000000088600000, 0x0000000088700000, 0x0000000088700000|100%| E|CS|TAMS 0x0000000088600000, 0x0000000088600000| Complete 
| 135|0x0000000088700000, 0x0000000088800000, 0x0000000088800000|100%| E|CS|TAMS 0x0000000088700000, 0x0000000088700000| Complete 
| 136|0x0000000088800000, 0x0000000088900000, 0x0000000088900000|100%| E|CS|TAMS 0x0000000088800000, 0x0000000088800000| Complete 
| 137|0x0000000088900000, 0x0000000088a00000, 0x0000000088a00000|100%| E|CS|TAMS 0x0000000088900000, 0x0000000088900000| Complete 
| 138|0x0000000088a00000, 0x0000000088b00000, 0x0000000088b00000|100%| E|CS|TAMS 0x0000000088a00000, 0x0000000088a00000| Complete 
| 139|0x0000000088b00000, 0x0000000088c00000, 0x0000000088c00000|100%| E|CS|TAMS 0x0000000088b00000, 0x0000000088b00000| Complete 
| 140|0x0000000088c00000, 0x0000000088d00000, 0x0000000088d00000|100%| E|CS|TAMS 0x0000000088c00000, 0x0000000088c00000| Complete 

Card table byte_map: [0x000002034db40000,0x000002034df40000] _byte_map_base: 0x000002034d740000

Marking Bits (Prev, Next): (CMBitMap*) 0x000002033af9d9b0, (CMBitMap*) 0x000002033af9d9f0
 Prev Bits: [0x000002034e340000, 0x0000020350340000)
 Next Bits: [0x0000020350340000, 0x0000020352340000)

Polling page: 0x0000020338ee0000

Metaspace:

Usage:
  Non-class:     55.12 MB used.
      Class:      8.50 MB used.
       Both:     63.62 MB used.

Virtual space:
  Non-class space:       56.00 MB reserved,      55.44 MB ( 99%) committed,  7 nodes.
      Class space:        1.00 GB reserved,       8.75 MB ( <1%) committed,  1 nodes.
             Both:        1.05 GB reserved,      64.19 MB (  6%) committed. 

Chunk freelists:
   Non-Class:  512.00 KB
       Class:  3.26 MB
        Both:  3.76 MB

MaxMetaspaceSize: unlimited
CompressedClassSpaceSize: 1.00 GB
Initial GC threshold: 21.00 MB
Current GC threshold: 104.19 MB
CDS: off
MetaspaceReclaimPolicy: balanced
 - commit_granule_bytes: 65536.
 - commit_granule_words: 8192.
 - virtual_space_node_default_size: 1048576.
 - enlarge_chunks_in_place: 1.
 - new_chunks_are_fully_committed: 0.
 - uncommit_free_chunks: 1.
 - use_allocation_guard: 0.
 - handle_deallocations: 1.


Internal statistics:

num_allocs_failed_limit: 3.
num_arena_births: 710.
num_arena_deaths: 0.
num_vsnodes_births: 8.
num_vsnodes_deaths: 0.
num_space_committed: 1027.
num_space_uncommitted: 0.
num_chunks_returned_to_freelist: 3.
num_chunks_taken_from_freelist: 2758.
num_chunk_merges: 3.
num_chunk_splits: 1825.
num_chunks_enlarged: 1226.
num_purges: 0.
num_inconsistent_stats: 0.

CodeHeap 'non-profiled nmethods': size=120000Kb used=2532Kb max_used=3205Kb free=117467Kb
 bounds [0x0000020345ee0000, 0x0000020346210000, 0x000002034d410000]
CodeHeap 'profiled nmethods': size=120000Kb used=11104Kb max_used=12817Kb free=108895Kb
 bounds [0x000002033e410000, 0x000002033f0a0000, 0x0000020345940000]
CodeHeap 'non-nmethods': size=5760Kb used=2375Kb max_used=2424Kb free=3384Kb
 bounds [0x0000020345940000, 0x0000020345bb0000, 0x0000020345ee0000]
 total_blobs=6802 nmethods=5900 adapters=814
 compilation: enabled
              stopped_count=0, restarted_count=0
 full_count=0

Compilation events (20 events):
Event: 23.291 Thread 0x000002035584d960 nmethod 6777 0x000002033e5b0c90 code [0x000002033e5b0f20, 0x000002033e5b1e18]
Event: 23.291 Thread 0x000002035584d960 6778       3       java.util.stream.AbstractPipeline::sequential (10 bytes)
Event: 23.291 Thread 0x000002035584d960 nmethod 6778 0x000002033e6ff890 code [0x000002033e6ffa20, 0x000002033e6ffb38]
Event: 23.732 Thread 0x000002035584d960 6779       3       com.google.common.collect.MapMakerInternalMap$1::clear (1 bytes)
Event: 23.732 Thread 0x000002035584d960 nmethod 6779 0x000002033e700490 code [0x000002033e700620, 0x000002033e700738]
Event: 23.741 Thread 0x0000020355830070 6780       4       java.util.jar.Manifest$FastInputStream::peek (38 bytes)
Event: 23.742 Thread 0x0000020355830070 nmethod 6780 0x0000020345f7b890 code [0x0000020345f7ba20, 0x0000020345f7bb28]
Event: 23.744 Thread 0x0000020355830070 6781       4       java.lang.Class::getPackageName (81 bytes)
Event: 23.752 Thread 0x0000020355830070 nmethod 6781 0x0000020345f37110 code [0x0000020345f372e0, 0x0000020345f37b50]
Event: 23.752 Thread 0x0000020355830070 6782       4       java.lang.StringLatin1::regionMatchesCI (98 bytes)
Event: 23.753 Thread 0x000002035584d960 6784       3       sun.reflect.generics.repository.AbstractRepository::<init> (19 bytes)
Event: 23.753 Thread 0x000002035584d960 nmethod 6784 0x000002033e93e790 code [0x000002033e93e940, 0x000002033e93ec28]
Event: 23.757 Thread 0x0000020355830070 nmethod 6782 0x00000203461c8390 code [0x00000203461c8540, 0x00000203461c8bf8]
Event: 23.757 Thread 0x0000020355830070 6783   !   4       jdk.internal.loader.Resource::getBytes (244 bytes)
Event: 23.763 Thread 0x000002035584d960 6787       3       sun.reflect.generics.tree.TypeVariableSignature::make (9 bytes)
Event: 23.763 Thread 0x000002035584d960 nmethod 6787 0x000002033eab9290 code [0x000002033eab9440, 0x000002033eab9698]
Event: 23.763 Thread 0x000002035584d960 6788       3       sun.reflect.generics.tree.TypeVariableSignature::<init> (10 bytes)
Event: 23.764 Thread 0x000002035584d960 nmethod 6788 0x000002033ebc3b10 code [0x000002033ebc3ca0, 0x000002033ebc3e58]
Event: 23.766 Thread 0x000002035584d960 6789       3       java.util.HashMap::values (25 bytes)
Event: 23.766 Thread 0x000002035584d960 nmethod 6789 0x000002033ee49090 code [0x000002033ee49240, 0x000002033ee495b8]

GC Heap History (20 events):
Event: 15.279 GC heap before
{Heap before GC invocations=14 (full 0):
 garbage-first heap   total 104448K, used 69636K [0x0000000080000000, 0x0000000100000000)
  region size 1024K, 20 young (20480K), 4 survivors (4096K)
 Metaspace       used 42174K, committed 42560K, reserved 1089536K
  class space    used 5633K, committed 5824K, reserved 1048576K
}
Event: 15.284 GC heap after
{Heap after GC invocations=15 (full 0):
 garbage-first heap   total 104448K, used 57031K [0x0000000080000000, 0x0000000100000000)
  region size 1024K, 3 young (3072K), 3 survivors (3072K)
 Metaspace       used 42174K, committed 42560K, reserved 1089536K
  class space    used 5633K, committed 5824K, reserved 1048576K
}
Event: 15.756 GC heap before
{Heap before GC invocations=16 (full 0):
 garbage-first heap   total 104448K, used 84679K [0x0000000080000000, 0x0000000100000000)
  region size 1024K, 27 young (27648K), 3 survivors (3072K)
 Metaspace       used 46187K, committed 46528K, reserved 1089536K
  class space    used 6127K, committed 6272K, reserved 1048576K
}
Event: 15.759 GC heap after
{Heap after GC invocations=17 (full 0):
 garbage-first heap   total 104448K, used 58372K [0x0000000080000000, 0x0000000100000000)
  region size 1024K, 2 young (2048K), 2 survivors (2048K)
 Metaspace       used 46187K, committed 46528K, reserved 1089536K
  class space    used 6127K, committed 6272K, reserved 1048576K
}
Event: 15.908 GC heap before
{Heap before GC invocations=17 (full 0):
 garbage-first heap   total 104448K, used 64516K [0x0000000080000000, 0x0000000100000000)
  region size 1024K, 9 young (9216K), 2 survivors (2048K)
 Metaspace       used 46678K, committed 47104K, reserved 1089536K
  class space    used 6201K, committed 6400K, reserved 1048576K
}
Event: 15.911 GC heap after
{Heap after GC invocations=18 (full 0):
 garbage-first heap   total 104448K, used 59739K [0x0000000080000000, 0x0000000100000000)
  region size 1024K, 4 young (4096K), 4 survivors (4096K)
 Metaspace       used 46678K, committed 47104K, reserved 1089536K
  class space    used 6201K, committed 6400K, reserved 1048576K
}
Event: 16.029 GC heap before
{Heap before GC invocations=19 (full 0):
 garbage-first heap   total 109568K, used 75099K [0x0000000080000000, 0x0000000100000000)
  region size 1024K, 15 young (15360K), 4 survivors (4096K)
 Metaspace       used 47400K, committed 47808K, reserved 1097728K
  class space    used 6284K, committed 6464K, reserved 1048576K
}
Event: 16.032 GC heap after
{Heap after GC invocations=20 (full 0):
 garbage-first heap   total 109568K, used 68404K [0x0000000080000000, 0x0000000100000000)
  region size 1024K, 4 young (4096K), 4 survivors (4096K)
 Metaspace       used 47400K, committed 47808K, reserved 1097728K
  class space    used 6284K, committed 6464K, reserved 1048576K
}
Event: 16.223 GC heap before
{Heap before GC invocations=21 (full 0):
 garbage-first heap   total 119808K, used 85812K [0x0000000080000000, 0x0000000100000000)
  region size 1024K, 20 young (20480K), 4 survivors (4096K)
 Metaspace       used 49695K, committed 50176K, reserved 1097728K
  class space    used 6516K, committed 6720K, reserved 1048576K
}
Event: 16.225 GC heap after
{Heap after GC invocations=22 (full 0):
 garbage-first heap   total 144384K, used 69416K [0x0000000080000000, 0x0000000100000000)
  region size 1024K, 2 young (2048K), 2 survivors (2048K)
 Metaspace       used 49695K, committed 50176K, reserved 1097728K
  class space    used 6516K, committed 6720K, reserved 1048576K
}
Event: 16.695 GC heap before
{Heap before GC invocations=22 (full 0):
 garbage-first heap   total 144384K, used 105256K [0x0000000080000000, 0x0000000100000000)
  region size 1024K, 37 young (37888K), 2 survivors (2048K)
 Metaspace       used 52580K, committed 53184K, reserved 1097728K
  class space    used 7039K, committed 7296K, reserved 1048576K
}
Event: 16.699 GC heap after
{Heap after GC invocations=23 (full 0):
 garbage-first heap   total 144384K, used 71827K [0x0000000080000000, 0x0000000100000000)
  region size 1024K, 4 young (4096K), 4 survivors (4096K)
 Metaspace       used 52580K, committed 53184K, reserved 1097728K
  class space    used 7039K, committed 7296K, reserved 1048576K
}
Event: 17.303 GC heap before
{Heap before GC invocations=24 (full 0):
 garbage-first heap   total 144384K, used 108691K [0x0000000080000000, 0x0000000100000000)
  region size 1024K, 40 young (40960K), 4 survivors (4096K)
 Metaspace       used 56468K, committed 57024K, reserved 1105920K
  class space    used 7602K, committed 7872K, reserved 1048576K
}
Event: 17.307 GC heap after
{Heap after GC invocations=25 (full 0):
 garbage-first heap   total 144384K, used 74553K [0x0000000080000000, 0x0000000100000000)
  region size 1024K, 5 young (5120K), 5 survivors (5120K)
 Metaspace       used 56468K, committed 57024K, reserved 1105920K
  class space    used 7602K, committed 7872K, reserved 1048576K
}
Event: 17.363 GC heap before
{Heap before GC invocations=25 (full 0):
 garbage-first heap   total 144384K, used 76601K [0x0000000080000000, 0x0000000100000000)
  region size 1024K, 7 young (7168K), 5 survivors (5120K)
 Metaspace       used 58077K, committed 58752K, reserved 1105920K
  class space    used 7776K, committed 8064K, reserved 1048576K
}
Event: 17.367 GC heap after
{Heap after GC invocations=26 (full 0):
 garbage-first heap   total 144384K, used 75644K [0x0000000080000000, 0x0000000100000000)
  region size 1024K, 1 young (1024K), 1 survivors (1024K)
 Metaspace       used 58077K, committed 58752K, reserved 1105920K
  class space    used 7776K, committed 8064K, reserved 1048576K
}
Event: 18.230 GC heap before
{Heap before GC invocations=26 (full 0):
 garbage-first heap   total 144384K, used 111484K [0x0000000080000000, 0x0000000100000000)
  region size 1024K, 37 young (37888K), 1 survivors (1024K)
 Metaspace       used 63245K, committed 63872K, reserved 1105920K
  class space    used 8442K, committed 8704K, reserved 1048576K
}
Event: 18.233 GC heap after
{Heap after GC invocations=27 (full 0):
 garbage-first heap   total 144384K, used 79353K [0x0000000080000000, 0x0000000100000000)
  region size 1024K, 5 young (5120K), 5 survivors (5120K)
 Metaspace       used 63245K, committed 63872K, reserved 1105920K
  class space    used 8442K, committed 8704K, reserved 1048576K
}
Event: 18.389 GC heap before
{Heap before GC invocations=28 (full 0):
 garbage-first heap   total 144384K, used 87545K [0x0000000080000000, 0x0000000100000000)
  region size 1024K, 14 young (14336K), 5 survivors (5120K)
 Metaspace       used 63442K, committed 64128K, reserved 1105920K
  class space    used 8466K, committed 8768K, reserved 1048576K
}
Event: 18.393 GC heap after
{Heap after GC invocations=29 (full 0):
 garbage-first heap   total 144384K, used 80414K [0x0000000080000000, 0x0000000100000000)
  region size 1024K, 2 young (2048K), 2 survivors (2048K)
 Metaspace       used 63442K, committed 64128K, reserved 1105920K
  class space    used 8466K, committed 8768K, reserved 1048576K
}

Dll operation events (2 events):
Event: 0.008 Loaded shared library C:\Program Files\Android\Android Studio\jbr\bin\java.dll
Event: 3.759 Loaded shared library C:\Program Files\Android\Android Studio\jbr\bin\verify.dll

Deoptimization events (20 events):
Event: 18.338 Thread 0x0000020355ac5280 DEOPT PACKING pc=0x000002033ee32651 sp=0x0000009e557f8280
Event: 18.338 Thread 0x0000020355ac5280 DEOPT UNPACKING pc=0x0000020345997143 sp=0x0000009e557f7778 mode 0
Event: 18.340 Thread 0x0000020355ac5280 DEOPT PACKING pc=0x000002033ee32651 sp=0x0000009e557f8760
Event: 18.340 Thread 0x0000020355ac5280 DEOPT UNPACKING pc=0x0000020345997143 sp=0x0000009e557f7c58 mode 0
Event: 18.341 Thread 0x0000020355ac5280 DEOPT PACKING pc=0x000002033ee32651 sp=0x0000009e557f8760
Event: 18.341 Thread 0x0000020355ac5280 DEOPT UNPACKING pc=0x0000020345997143 sp=0x0000009e557f7c58 mode 0
Event: 18.362 Thread 0x0000020355ac5280 Uncommon trap: trap_request=0xfffffff4 fr.pc=0x0000020346192d34 relative=0x00000000000006d4
Event: 18.362 Thread 0x0000020355ac5280 Uncommon trap: reason=null_check action=make_not_entrant pc=0x0000020346192d34 method=org.gradle.util.internal.SimpleMapInterner.intern(Ljava/lang/Object;)Ljava/lang/Object; @ 2 c2
Event: 18.362 Thread 0x0000020355ac5280 DEOPT PACKING pc=0x0000020346192d34 sp=0x0000009e557f8ae0
Event: 18.362 Thread 0x0000020355ac5280 DEOPT UNPACKING pc=0x00000203459969a3 sp=0x0000009e557f8a98 mode 2
Event: 18.362 Thread 0x0000020355ac5280 Uncommon trap: trap_request=0xffffff45 fr.pc=0x0000020346197820 relative=0x00000000000006c0
Event: 18.362 Thread 0x0000020355ac5280 Uncommon trap: reason=unstable_if action=reinterpret pc=0x0000020346197820 method=org.gradle.util.internal.SimpleMapInterner.intern(Ljava/lang/String;)Ljava/lang/String; @ 1 c2
Event: 18.362 Thread 0x0000020355ac5280 DEOPT PACKING pc=0x0000020346197820 sp=0x0000009e557f8a70
Event: 18.362 Thread 0x0000020355ac5280 DEOPT UNPACKING pc=0x00000203459969a3 sp=0x0000009e557f8a28 mode 2
Event: 19.854 Thread 0x0000020355ac5280 Uncommon trap: trap_request=0xffffff45 fr.pc=0x0000020345f351b0 relative=0x0000000000000670
Event: 19.854 Thread 0x0000020355ac5280 Uncommon trap: reason=unstable_if action=reinterpret pc=0x0000020345f351b0 method=java.util.jar.Manifest$FastInputStream.readLine([BII)I @ 130 c2
Event: 19.854 Thread 0x0000020355ac5280 DEOPT PACKING pc=0x0000020345f351b0 sp=0x0000009e557f7d90
Event: 19.854 Thread 0x0000020355ac5280 DEOPT UNPACKING pc=0x00000203459969a3 sp=0x0000009e557f7d20 mode 2
Event: 19.855 Thread 0x0000020355ac5280 DEOPT PACKING pc=0x000002033ef896e3 sp=0x0000009e557f81a0
Event: 19.855 Thread 0x0000020355ac5280 DEOPT UNPACKING pc=0x0000020345997143 sp=0x0000009e557f76b0 mode 0

Classes unloaded (0 events):
No events

Classes redefined (0 events):
No events

Internal exceptions (20 events):
Event: 16.411 Thread 0x0000020355ac5280 Exception <a 'java/lang/NoSuchMethodError'{0x000000008783fd00}: 'void java.lang.invoke.DirectMethodHandle$Holder.invokeInterface(java.lang.Object, java.lang.Object)'> (0x000000008783fd00) 
thrown [s\src\hotspot\share\interpreter\linkResolver.cpp, line 771]
Event: 16.411 Thread 0x0000020355ac5280 Exception <a 'java/lang/IncompatibleClassChangeError'{0x000000008784b298}: Found class java.lang.Object, but interface was expected> (0x000000008784b298) 
thrown [s\src\hotspot\share\interpreter\linkResolver.cpp, line 838]
Event: 16.468 Thread 0x0000020355ac5280 Exception <a 'java/lang/ClassNotFoundException'{0x00000000875ec2f8}: org/jetbrains/plugins/gradle/model/web/WebConfigurationBeanInfo> (0x00000000875ec2f8) 
thrown [s\src\hotspot\share\classfile\systemDictionary.cpp, line 256]
Event: 16.468 Thread 0x0000020355ac5280 Exception <a 'java/lang/ClassNotFoundException'{0x00000000875f4680}: org/jetbrains/plugins/gradle/model/web/WebConfigurationCustomizer> (0x00000000875f4680) 
thrown [s\src\hotspot\share\classfile\systemDictionary.cpp, line 256]
Event: 16.469 Thread 0x0000020355ac5280 Exception <a 'java/lang/ClassNotFoundException'{0x0000000087413890}: org/jetbrains/plugins/gradle/model/scala/ScalaModelBeanInfo> (0x0000000087413890) 
thrown [s\src\hotspot\share\classfile\systemDictionary.cpp, line 256]
Event: 16.470 Thread 0x0000020355ac5280 Exception <a 'java/lang/ClassNotFoundException'{0x000000008741bb98}: org/jetbrains/plugins/gradle/model/scala/ScalaModelCustomizer> (0x000000008741bb98) 
thrown [s\src\hotspot\share\classfile\systemDictionary.cpp, line 256]
Event: 16.472 Thread 0x0000020355ac5280 Exception <a 'java/lang/ClassNotFoundException'{0x000000008744ccc0}: org/jetbrains/plugins/gradle/model/DependencyAccessorsModelBeanInfo> (0x000000008744ccc0) 
thrown [s\src\hotspot\share\classfile\systemDictionary.cpp, line 256]
Event: 16.472 Thread 0x0000020355ac5280 Exception <a 'java/lang/ClassNotFoundException'{0x0000000087455070}: org/jetbrains/plugins/gradle/model/DependencyAccessorsModelCustomizer> (0x0000000087455070) 
thrown [s\src\hotspot\share\classfile\systemDictionary.cpp, line 256]
Event: 16.669 Thread 0x0000020355ac5280 Exception <a 'java/lang/ClassNotFoundException'{0x0000000086da4e08}: org/gradle/api/internal/project/DefaultProject_DecoratedBeanInfo> (0x0000000086da4e08) 
thrown [s\src\hotspot\share\classfile\systemDictionary.cpp, line 256]
Event: 16.669 Thread 0x0000020355ac5280 Exception <a 'java/lang/ClassNotFoundException'{0x0000000086db1960}: org/gradle/api/internal/project/DefaultProjectBeanInfo> (0x0000000086db1960) 
thrown [s\src\hotspot\share\classfile\systemDictionary.cpp, line 256]
Event: 16.669 Thread 0x0000020355ac5280 Exception <a 'java/lang/ClassNotFoundException'{0x0000000086dbe4c0}: org/gradle/api/internal/project/DefaultProjectCustomizer> (0x0000000086dbe4c0) 
thrown [s\src\hotspot\share\classfile\systemDictionary.cpp, line 256]
Event: 16.672 Thread 0x0000020355ac5280 Exception <a 'java/lang/ClassNotFoundException'{0x0000000086c67a98}: org/gradle/api/internal/project/DefaultProject_DecoratedCustomizer> (0x0000000086c67a98) 
thrown [s\src\hotspot\share\classfile\systemDictionary.cpp, line 256]
Event: 16.998 Thread 0x0000020355ac5280 Exception <a 'java/lang/NoSuchMethodError'{0x0000000087719f10}: 'java.lang.Object java.lang.invoke.DirectMethodHandle$Holder.newInvokeSpecial(java.lang.Object, java.lang.Object, java.lang.Object, java.lang.Object, java.lang.Object, int)'> (0x0000000087719f10) 
thrown [s\src\hotspot\share\interpreter\linkResolver.cpp, line 771]
Event: 16.999 Thread 0x0000020355ac5280 Exception <a 'java/lang/NoSuchMethodError'{0x000000008771f568}: 'java.lang.Object java.lang.invoke.DirectMethodHandle$Holder.invokeSpecial(java.lang.Object, java.lang.Object, java.lang.Object, java.lang.Object, java.lang.Object, java.lang.Object, int)'> (0x000000008771f568) 
thrown [s\src\hotspot\share\interpreter\linkResolver.cpp, line 771]
Event: 17.006 Thread 0x0000020355ac5280 Exception <a 'java/lang/NoSuchMethodError'{0x00000000877bd1c8}: 'void java.lang.invoke.DirectMethodHandle$Holder.invokeStatic(java.lang.Object, java.lang.Object, java.lang.Object, int, java.lang.Object)'> (0x00000000877bd1c8) 
thrown [s\src\hotspot\share\interpreter\linkResolver.cpp, line 771]
Event: 17.292 Thread 0x0000020355ac5280 Implicit null exception at 0x0000020345fbfbf2 to 0x0000020345fc0208
Event: 17.321 Thread 0x0000020355ac5280 Exception <a 'sun/nio/fs/WindowsException'{0x0000000088ca9378}> (0x0000000088ca9378) 
thrown [s\src\hotspot\share\prims\jni.cpp, line 517]
Event: 17.730 Thread 0x0000020355ac5280 Implicit null exception at 0x0000020345fe06f1 to 0x0000020345fe088c
Event: 18.362 Thread 0x0000020355ac5280 Implicit null exception at 0x0000020346192692 to 0x0000020346192d24
Event: 18.362 Thread 0x0000020355ac5280 Implicit null exception at 0x0000020346197194 to 0x0000020346197808

VM Operations (20 events):
Event: 18.265 Executing VM operation: G1Concurrent
Event: 18.267 Executing VM operation: G1Concurrent done
Event: 18.282 Executing VM operation: G1Concurrent
Event: 18.282 Executing VM operation: G1Concurrent done
Event: 18.389 Executing VM operation: G1TryInitiateConcMark
Event: 18.393 Executing VM operation: G1TryInitiateConcMark done
Event: 18.419 Executing VM operation: G1Concurrent
Event: 18.421 Executing VM operation: G1Concurrent done
Event: 18.433 Executing VM operation: G1Concurrent
Event: 18.433 Executing VM operation: G1Concurrent done
Event: 19.435 Executing VM operation: Cleanup
Event: 19.435 Executing VM operation: Cleanup done
Event: 20.450 Executing VM operation: Cleanup
Event: 20.450 Executing VM operation: Cleanup done
Event: 22.688 Executing VM operation: HandshakeAllThreads
Event: 22.688 Executing VM operation: HandshakeAllThreads done
Event: 22.688 Executing VM operation: Cleanup
Event: 22.688 Executing VM operation: Cleanup done
Event: 23.698 Executing VM operation: Cleanup
Event: 23.698 Executing VM operation: Cleanup done

Events (20 events):
Event: 18.228 Thread 0x0000020355851280 flushing nmethod 0x000002033efabd10
Event: 18.228 Thread 0x0000020355851280 flushing nmethod 0x000002033efac790
Event: 18.228 Thread 0x0000020355851280 flushing nmethod 0x000002033efacc10
Event: 18.228 Thread 0x0000020355851280 flushing nmethod 0x000002033efae990
Event: 18.228 Thread 0x0000020355851280 flushing nmethod 0x000002033efaee10
Event: 18.228 Thread 0x0000020355851280 flushing nmethod 0x000002033efaf110
Event: 18.228 Thread 0x0000020355851280 flushing nmethod 0x000002033efaf590
Event: 18.228 Thread 0x0000020355851280 flushing nmethod 0x000002033efaf890
Event: 18.228 Thread 0x0000020355851280 flushing nmethod 0x000002033efb8490
Event: 18.228 Thread 0x0000020355851280 flushing nmethod 0x000002033efc4410
Event: 18.228 Thread 0x0000020355851280 flushing nmethod 0x000002033efc4990
Event: 18.228 Thread 0x0000020355851280 flushing nmethod 0x000002033efc4d90
Event: 18.228 Thread 0x0000020355851280 flushing nmethod 0x000002033efc5410
Event: 18.228 Thread 0x0000020355851280 flushing nmethod 0x000002033f00ba10
Event: 18.228 Thread 0x0000020355851280 flushing nmethod 0x000002033f00cb10
Event: 18.228 Thread 0x0000020355851280 flushing nmethod 0x000002033f04f490
Event: 22.682 loading class java/util/concurrent/LinkedBlockingDeque$Itr
Event: 22.683 loading class java/util/concurrent/LinkedBlockingDeque$AbstractItr
Event: 22.683 loading class java/util/concurrent/LinkedBlockingDeque$AbstractItr done
Event: 22.683 loading class java/util/concurrent/LinkedBlockingDeque$Itr done


Dynamic libraries:
0x00007ff768ae0000 - 0x00007ff768aea000 	C:\Program Files\Android\Android Studio\jbr\bin\java.exe
0x00007ffeea9b0000 - 0x00007ffeeaba7000 	C:\Windows\SYSTEM32\ntdll.dll
0x00007ffee31c0000 - 0x00007ffee31d9000 	D:\avast\aswhook.dll
0x00007ffee8aa0000 - 0x00007ffee8b5d000 	C:\Windows\System32\KERNEL32.DLL
0x00007ffee8170000 - 0x00007ffee8466000 	C:\Windows\System32\KERNELBASE.dll
0x00007ffee8580000 - 0x00007ffee8680000 	C:\Windows\System32\ucrtbase.dll
0x00007ffed2af0000 - 0x00007ffed2b07000 	C:\Program Files\Android\Android Studio\jbr\bin\jli.dll
0x00007ffeea6c0000 - 0x00007ffeea85e000 	C:\Windows\System32\USER32.dll
0x00007ffee8090000 - 0x00007ffee80b2000 	C:\Windows\System32\win32u.dll
0x00007ffecee30000 - 0x00007ffecf0ca000 	C:\Windows\WinSxS\amd64_microsoft.windows.common-controls_6595b64144ccf1df_6.0.19041.3570_none_60bb2a3971f3e41a\COMCTL32.dll
0x00007ffee8a10000 - 0x00007ffee8a3c000 	C:\Windows\System32\GDI32.dll
0x00007ffeea8d0000 - 0x00007ffeea96e000 	C:\Windows\System32\msvcrt.dll
0x00007ffee8880000 - 0x00007ffee899a000 	C:\Windows\System32\gdi32full.dll
0x00007ffee8680000 - 0x00007ffee871d000 	C:\Windows\System32\msvcp_win.dll
0x00007ffecfc50000 - 0x00007ffecfc6b000 	C:\Program Files\Android\Android Studio\jbr\bin\VCRUNTIME140.dll
0x00007ffee9880000 - 0x00007ffee98b0000 	C:\Windows\System32\IMM32.DLL
0x00007ffee3a90000 - 0x00007ffee3a9c000 	C:\Program Files\Android\Android Studio\jbr\bin\vcruntime140_1.dll
0x00007ffecfbc0000 - 0x00007ffecfc4d000 	C:\Program Files\Android\Android Studio\jbr\bin\msvcp140.dll
0x00007ffe7d780000 - 0x00007ffe7e3ee000 	C:\Program Files\Android\Android Studio\jbr\bin\server\jvm.dll
0x00007ffee99a0000 - 0x00007ffee9a4e000 	C:\Windows\System32\ADVAPI32.dll
0x00007ffee8d20000 - 0x00007ffee8dbc000 	C:\Windows\System32\sechost.dll
0x00007ffeea200000 - 0x00007ffeea326000 	C:\Windows\System32\RPCRT4.dll
0x00007ffee0340000 - 0x00007ffee034a000 	C:\Windows\SYSTEM32\VERSION.dll
0x00007ffede890000 - 0x00007ffede8b7000 	C:\Windows\SYSTEM32\WINMM.dll
0x00007ffecf7a0000 - 0x00007ffecf7a9000 	C:\Windows\SYSTEM32\WSOCK32.dll
0x00007ffeea860000 - 0x00007ffeea8cb000 	C:\Windows\System32\WS2_32.dll
0x00007ffee5f30000 - 0x00007ffee5f42000 	C:\Windows\SYSTEM32\kernel.appcore.dll
0x00007ffee33e0000 - 0x00007ffee33ea000 	C:\Program Files\Android\Android Studio\jbr\bin\jimage.dll
0x00007ffee5640000 - 0x00007ffee5824000 	C:\Windows\SYSTEM32\DBGHELP.DLL
0x00007ffedddf0000 - 0x00007ffedde24000 	C:\Windows\SYSTEM32\dbgcore.DLL
0x00007ffee8470000 - 0x00007ffee84f2000 	C:\Windows\System32\bcryptPrimitives.dll
0x00007ffeb7e50000 - 0x00007ffeb7e75000 	C:\Program Files\Android\Android Studio\jbr\bin\java.dll
0x00007ffee2e20000 - 0x00007ffee2e38000 	C:\Program Files\Android\Android Studio\jbr\bin\zip.dll
0x00007ffee9a50000 - 0x00007ffeea194000 	C:\Windows\System32\SHELL32.dll
0x00007ffee6130000 - 0x00007ffee68cb000 	C:\Windows\SYSTEM32\windows.storage.dll
0x00007ffee8e40000 - 0x00007ffee9194000 	C:\Windows\System32\combase.dll
0x00007ffee7ad0000 - 0x00007ffee7afd000 	C:\Windows\SYSTEM32\Wldp.dll
0x00007ffee8c70000 - 0x00007ffee8d1d000 	C:\Windows\System32\SHCORE.dll
0x00007ffee9730000 - 0x00007ffee9785000 	C:\Windows\System32\shlwapi.dll
0x00007ffee7fc0000 - 0x00007ffee7fe5000 	C:\Windows\SYSTEM32\profapi.dll
0x00007ffedb010000 - 0x00007ffedb029000 	C:\Program Files\Android\Android Studio\jbr\bin\net.dll
0x00007ffee04b0000 - 0x00007ffee05ba000 	C:\Windows\SYSTEM32\WINHTTP.dll
0x00007ffee7830000 - 0x00007ffee789a000 	C:\Windows\system32\mswsock.dll
0x00007ffedad80000 - 0x00007ffedad96000 	C:\Program Files\Android\Android Studio\jbr\bin\nio.dll
0x00007ffee16c0000 - 0x00007ffee16d0000 	C:\Program Files\Android\Android Studio\jbr\bin\verify.dll
0x00007ffeb9a10000 - 0x00007ffeb9a37000 	C:\Users\111\.gradle\native\68d5fa5c4cc2d200863cafc0d521ce42e7d3e7ee720ec0a83991735586a16f82\windows-amd64\native-platform.dll
0x00007ffedab10000 - 0x00007ffedac54000 	C:\Users\111\.gradle\native\e376f236ea51e6404a007f0833ffe2c6e607c4080706a723a18a27aeea778392\windows-amd64\native-platform-file-events.dll
0x00007ffee12d0000 - 0x00007ffee12d9000 	C:\Program Files\Android\Android Studio\jbr\bin\management.dll
0x00007ffee10c0000 - 0x00007ffee10cb000 	C:\Program Files\Android\Android Studio\jbr\bin\management_ext.dll
0x00007ffee9870000 - 0x00007ffee9878000 	C:\Windows\System32\PSAPI.DLL
0x00007ffee7a30000 - 0x00007ffee7a48000 	C:\Windows\SYSTEM32\CRYPTSP.dll
0x00007ffee70d0000 - 0x00007ffee7104000 	C:\Windows\system32\rsaenh.dll
0x00007ffee8500000 - 0x00007ffee8527000 	C:\Windows\System32\bcrypt.dll
0x00007ffee7f40000 - 0x00007ffee7f6e000 	C:\Windows\SYSTEM32\USERENV.dll
0x00007ffee7a20000 - 0x00007ffee7a2c000 	C:\Windows\SYSTEM32\CRYPTBASE.dll
0x00007ffee74d0000 - 0x00007ffee750b000 	C:\Windows\SYSTEM32\IPHLPAPI.DLL
0x00007ffee9990000 - 0x00007ffee9998000 	C:\Windows\System32\NSI.dll
0x00007ffee09b0000 - 0x00007ffee09c7000 	C:\Windows\SYSTEM32\dhcpcsvc6.DLL
0x00007ffee0990000 - 0x00007ffee09ad000 	C:\Windows\SYSTEM32\dhcpcsvc.DLL
0x00007ffee7510000 - 0x00007ffee75da000 	C:\Windows\SYSTEM32\DNSAPI.dll
0x00007ffedd550000 - 0x00007ffedd557000 	C:\Windows\system32\wshunix.dll
0x00007ffede7d0000 - 0x00007ffede7da000 	C:\Windows\System32\rasadhlp.dll
0x00007ffee01d0000 - 0x00007ffee0252000 	C:\Windows\System32\fwpuclnt.dll

dbghelp: loaded successfully - version: 4.0.5 - missing functions: none
symbol engine: initialized successfully - sym options: 0x614 - pdb path: .;C:\Program Files\Android\Android Studio\jbr\bin;C:\Windows\SYSTEM32;D:\avast;C:\Windows\WinSxS\amd64_microsoft.windows.common-controls_6595b64144ccf1df_6.0.19041.3570_none_60bb2a3971f3e41a;C:\Program Files\Android\Android Studio\jbr\bin\server;C:\Users\111\.gradle\native\68d5fa5c4cc2d200863cafc0d521ce42e7d3e7ee720ec0a83991735586a16f82\windows-amd64;C:\Users\111\.gradle\native\e376f236ea51e6404a007f0833ffe2c6e607c4080706a723a18a27aeea778392\windows-amd64

VM Arguments:
jvm_args: --add-opens=java.base/java.util=ALL-UNNAMED --add-opens=java.base/java.lang=ALL-UNNAMED --add-opens=java.base/java.lang.invoke=ALL-UNNAMED --add-opens=java.prefs/java.util.prefs=ALL-UNNAMED --add-opens=java.base/java.nio.charset=ALL-UNNAMED --add-opens=java.base/java.net=ALL-UNNAMED --add-opens=java.base/java.util.concurrent.atomic=ALL-UNNAMED -Xmx2048m -Dfile.encoding=UTF-8 -Duser.country=UA -Duser.language=uk -Duser.variant 
java_command: org.gradle.launcher.daemon.bootstrap.GradleDaemon 8.0
java_class_path (initial): C:\Users\111\.gradle\wrapper\dists\gradle-8.0-bin\ca5e32bp14vu59qr306oxotwh\gradle-8.0\lib\gradle-launcher-8.0.jar
Launcher Type: SUN_STANDARD

[Global flags]
     intx CICompilerCount                          = 4                                         {product} {ergonomic}
     uint ConcGCThreads                            = 2                                         {product} {ergonomic}
     uint G1ConcRefinementThreads                  = 8                                         {product} {ergonomic}
   size_t G1HeapRegionSize                         = 1048576                                   {product} {ergonomic}
    uintx GCDrainStackTargetSize                   = 64                                        {product} {ergonomic}
   size_t InitialHeapSize                          = 134217728                                 {product} {ergonomic}
   size_t MarkStackSize                            = 4194304                                   {product} {ergonomic}
   size_t MaxHeapSize                              = 2147483648                                {product} {command line}
   size_t MaxNewSize                               = 1287651328                                {product} {ergonomic}
   size_t MinHeapDeltaBytes                        = 1048576                                   {product} {ergonomic}
   size_t MinHeapSize                              = 8388608                                   {product} {ergonomic}
    uintx NonNMethodCodeHeapSize                   = 5839372                                {pd product} {ergonomic}
    uintx NonProfiledCodeHeapSize                  = 122909434                              {pd product} {ergonomic}
    uintx ProfiledCodeHeapSize                     = 122909434                              {pd product} {ergonomic}
    uintx ReservedCodeCacheSize                    = 251658240                              {pd product} {ergonomic}
     bool SegmentedCodeCache                       = true                                      {product} {ergonomic}
   size_t SoftMaxHeapSize                          = 2147483648                             {manageable} {ergonomic}
     bool UseCompressedClassPointers               = true                           {product lp64_product} {ergonomic}
     bool UseCompressedOops                        = true                           {product lp64_product} {ergonomic}
     bool UseG1GC                                  = true                                      {product} {ergonomic}
     bool UseLargePagesIndividualAllocation        = false                                  {pd product} {ergonomic}

Logging:
Log output configuration:
 #0: stdout all=warning uptime,level,tags
 #1: stderr all=off uptime,level,tags

Environment Variables:
JAVA_HOME=C:\src\jdk-19.0.2
PATH=C:\Program Files (x86)\Common Files\Intel\Shared Libraries\redist\intel64\compiler;C:\Windows\system32;C:\Windows;C:\Windows\System32\Wbem;C:\Windows\System32\WindowsPowerShell\v1.0\;C:\Windows\System32\OpenSSH\;C:\Program Files (x86)\NVIDIA Corporation\PhysX\Common;C:\Program Files\Git\cmd;C:\Program Files\nodejs;C:\src\jdk-19.0.2\bin;C:\Program Files\dotnet\;C:\Program Files\MySQL\MySQL Shell 8.0\bin\;C:\Users\111\AppData\Local\Microsoft\WindowsApps;C:\Users\111\AppData\Local\GitHubDesktop\bin;D:\pycharm\PyCharm 2022.1.3\bin;;C:\src\Flutter\bin;D:\WEB\brackets\;D:\IntelliJ IDEA 2023.1\bin;
USERNAME=111
OS=Windows_NT
PROCESSOR_IDENTIFIER=Intel64 Family 6 Model 158 Stepping 13, GenuineIntel
TMP=C:\Users\111\AppData\Local\Temp
TEMP=C:\Users\111\AppData\Local\Temp


JNI global refs:
JNI global refs: 26, weak refs: 1

JNI global refs memory usage: 843, weak refs: 841


---------------  S Y S T E M  ---------------

OS:
 Windows 10 , 64 bit Build 19041 (10.0.19041.3570)
OS uptime: 3 days 3:07 hours

CPU: total 8 (initial active 8) (4 cores per cpu, 2 threads per core) family 6 model 158 stepping 13 microcode 0xc6, cx8, cmov, fxsr, ht, mmx, 3dnowpref, sse, sse2, sse3, ssse3, sse4.1, sse4.2, popcnt, lzcnt, tsc, tscinvbit, avx, avx2, aes, erms, clmul, bmi1, bmi2, adx, fma, vzeroupper, clflush, clflushopt

Memory: 4k page, system-wide physical 8112M (260M free)
TotalPageFile size 12112M (AvailPageFile size 3M)
current process WorkingSet (physical memory assigned to process): 312M, peak: 318M
current process commit charge ("private bytes"): 353M, peak: 355M

vm_info: OpenJDK 64-Bit Server VM (17.0.6+0-b2043.56-10027231) for windows-amd64 JRE (17.0.6+0-b2043.56-10027231), built on Apr 28 2023 00:43:19 by "androidbuild" with MS VC++ 16.10 / 16.11 (VS2019)

END.
