#
# There is insufficient memory for the Java Runtime Environment to continue.
# Native memory allocation (malloc) failed to allocate 645936 bytes for Chunk::new
# Possible reasons:
#   The system is out of physical RAM or swap space
#   The process is running with CompressedOops enabled, and the Java Heap may be blocking the growth of the native heap
# Possible solutions:
#   Reduce memory load on the system
#   Increase physical memory or swap space
#   Check if swap backing store is full
#   Decrease Java heap size (-Xmx/-Xms)
#   Decrease number of Java threads
#   Decrease Java thread stack sizes (-Xss)
#   Set larger code cache with -XX:ReservedCodeCacheSize=
#   JVM is running with Unscaled Compressed Oops mode in which the Java heap is
#     placed in the first 4GB address space. The Java Heap base address is the
#     maximum limit for the native heap growth. Please use -XX:HeapBaseMinAddress
#     to set the Java Heap base and to place the Java Heap above 4GB virtual address.
# This output file may be truncated or incomplete.
#
#  Out of Memory Error (arena.cpp:189), pid=12604, tid=5300
#
# JRE version: OpenJDK Runtime Environment (17.0.6) (build 17.0.6+0-b2043.56-10027231)
# Java VM: OpenJDK 64-Bit Server VM (17.0.6+0-b2043.56-10027231, mixed mode, tiered, compressed oops, compressed class ptrs, g1 gc, windows-amd64)
# No core dump will be written. Minidumps are not enabled by default on client versions of Windows
#

---------------  S U M M A R Y ------------

Command Line: --add-opens=java.base/java.util=ALL-UNNAMED --add-opens=java.base/java.lang=ALL-UNNAMED --add-opens=java.base/java.lang.invoke=ALL-UNNAMED --add-opens=java.prefs/java.util.prefs=ALL-UNNAMED --add-opens=java.base/java.nio.charset=ALL-UNNAMED --add-opens=java.base/java.net=ALL-UNNAMED --add-opens=java.base/java.util.concurrent.atomic=ALL-UNNAMED -Xmx2048m -Dfile.encoding=UTF-8 -Duser.country=UA -Duser.language=uk -Duser.variant org.gradle.launcher.daemon.bootstrap.GradleDaemon 8.0

Host: Intel(R) Core(TM) i5-9300HF CPU @ 2.40GHz, 8 cores, 7G,  Windows 10 , 64 bit Build 19041 (10.0.19041.3570)
Time: Tue Oct 24 14:02:36 2023  Windows 10 , 64 bit Build 19041 (10.0.19041.3570) elapsed time: 15.657759 seconds (0d 0h 0m 15s)

---------------  T H R E A D  ---------------

Current thread (0x0000022f1430c1e0):  JavaThread "C2 CompilerThread1" daemon [_thread_in_native, id=5300, stack(0x000000fb36b00000,0x000000fb36c00000)]


Current CompileTask:
C2:  15657 4404       4       java.util.regex.Pattern::compile (500 bytes)

Stack: [0x000000fb36b00000,0x000000fb36c00000]
Native frames: (J=compiled Java code, j=interpreted, Vv=VM code, C=native code)
V  [jvm.dll+0x683c9a]
V  [jvm.dll+0x8427a4]
V  [jvm.dll+0x843f9e]
V  [jvm.dll+0x844603]
V  [jvm.dll+0x249b75]
V  [jvm.dll+0xabcac]
V  [jvm.dll+0xac27c]
V  [jvm.dll+0x2b0eef]
V  [jvm.dll+0x58a267]
V  [jvm.dll+0x2243b2]
V  [jvm.dll+0x22478f]
V  [jvm.dll+0x21e055]
V  [jvm.dll+0x21b51b]
V  [jvm.dll+0x1a4fdd]
V  [jvm.dll+0x22b098]
V  [jvm.dll+0x229159]
V  [jvm.dll+0x7f81ec]
V  [jvm.dll+0x7f274a]
V  [jvm.dll+0x682ad5]
C  [ucrtbase.dll+0x21bb2]
C  [KERNEL32.DLL+0x17344]
C  [ntdll.dll+0x526b1]


---------------  P R O C E S S  ---------------

Threads class SMR info:
_java_thread_list=0x0000022f143947b0, length=43, elements={
0x0000022f77660350, 0x0000022f1352e260, 0x0000022f134ea820, 0x0000022f14051000,
0x0000022f14053d80, 0x0000022f140558a0, 0x0000022f14056250, 0x0000022f14022420,
0x0000022f140263c0, 0x0000022f1402edc0, 0x0000022f141c94f0, 0x0000022f141df870,
0x0000022f1430c1e0, 0x0000022f14ee0900, 0x0000022f166ef840, 0x0000022f170a0010,
0x0000022f16e0d310, 0x0000022f16c00ba0, 0x0000022f1775f900, 0x0000022f172c4270,
0x0000022f17722610, 0x0000022f17723950, 0x0000022f17723e20, 0x0000022f17723480,
0x0000022f177217a0, 0x0000022f177242f0, 0x0000022f17b54930, 0x0000022f17722140,
0x0000022f17722ae0, 0x0000022f17720930, 0x0000022f17722fb0, 0x0000022f17720e00,
0x0000022f177212d0, 0x0000022f17721c70, 0x0000022f17b80410, 0x0000022f17b7ca50,
0x0000022f17b79f00, 0x0000022f17b81750, 0x0000022f17b7a8a0, 0x0000022f17b7ad70,
0x0000022f17b7b240, 0x0000022f17b7b710, 0x0000022f17b7c0b0
}

Java Threads: ( => current thread )
  0x0000022f77660350 JavaThread "main" [_thread_blocked, id=7204, stack(0x000000fb35400000,0x000000fb35500000)]
  0x0000022f1352e260 JavaThread "Reference Handler" daemon [_thread_blocked, id=10296, stack(0x000000fb35b00000,0x000000fb35c00000)]
  0x0000022f134ea820 JavaThread "Finalizer" daemon [_thread_blocked, id=9720, stack(0x000000fb35c00000,0x000000fb35d00000)]
  0x0000022f14051000 JavaThread "Signal Dispatcher" daemon [_thread_blocked, id=3500, stack(0x000000fb35d00000,0x000000fb35e00000)]
  0x0000022f14053d80 JavaThread "Attach Listener" daemon [_thread_blocked, id=15044, stack(0x000000fb35e00000,0x000000fb35f00000)]
  0x0000022f140558a0 JavaThread "Service Thread" daemon [_thread_blocked, id=8512, stack(0x000000fb35f00000,0x000000fb36000000)]
  0x0000022f14056250 JavaThread "Monitor Deflation Thread" daemon [_thread_blocked, id=9856, stack(0x000000fb36000000,0x000000fb36100000)]
  0x0000022f14022420 JavaThread "C2 CompilerThread0" daemon [_thread_in_native, id=10268, stack(0x000000fb36100000,0x000000fb36200000)]
  0x0000022f140263c0 JavaThread "C1 CompilerThread0" daemon [_thread_in_vm, id=3584, stack(0x000000fb36200000,0x000000fb36300000)]
  0x0000022f1402edc0 JavaThread "Sweeper thread" daemon [_thread_blocked, id=13392, stack(0x000000fb36300000,0x000000fb36400000)]
  0x0000022f141c94f0 JavaThread "Common-Cleaner" daemon [_thread_blocked, id=8480, stack(0x000000fb36400000,0x000000fb36500000)]
  0x0000022f141df870 JavaThread "Notification Thread" daemon [_thread_blocked, id=2324, stack(0x000000fb36500000,0x000000fb36600000)]
=>0x0000022f1430c1e0 JavaThread "C2 CompilerThread1" daemon [_thread_in_native, id=5300, stack(0x000000fb36b00000,0x000000fb36c00000)]
  0x0000022f14ee0900 JavaThread "Daemon health stats" [_thread_blocked, id=11844, stack(0x000000fb36d00000,0x000000fb36e00000)]
  0x0000022f166ef840 JavaThread "Incoming local TCP Connector on port 59028" [_thread_in_native, id=9880, stack(0x000000fb36e00000,0x000000fb36f00000)]
  0x0000022f170a0010 JavaThread "Daemon periodic checks" [_thread_blocked, id=10232, stack(0x000000fb36f00000,0x000000fb37000000)]
  0x0000022f16e0d310 JavaThread "Daemon" [_thread_blocked, id=14176, stack(0x000000fb37000000,0x000000fb37100000)]
  0x0000022f16c00ba0 JavaThread "Handler for socket connection from /127.0.0.1:59028 to /127.0.0.1:59029" [_thread_in_native, id=13348, stack(0x000000fb37100000,0x000000fb37200000)]
  0x0000022f1775f900 JavaThread "Cancel handler" [_thread_blocked, id=1180, stack(0x000000fb37200000,0x000000fb37300000)]
  0x0000022f172c4270 JavaThread "Daemon worker" [_thread_in_native, id=13996, stack(0x000000fb37300000,0x000000fb37400000)]
  0x0000022f17722610 JavaThread "Asynchronous log dispatcher for DefaultDaemonConnection: socket connection from /127.0.0.1:59028 to /127.0.0.1:59029" [_thread_blocked, id=14308, stack(0x000000fb37400000,0x000000fb37500000)]
  0x0000022f17723950 JavaThread "Stdin handler" [_thread_blocked, id=3836, stack(0x000000fb37500000,0x000000fb37600000)]
  0x0000022f17723e20 JavaThread "Daemon client event forwarder" [_thread_blocked, id=9396, stack(0x000000fb37600000,0x000000fb37700000)]
  0x0000022f17723480 JavaThread "Cache worker for journal cache (C:\Users\111\.gradle\caches\journal-1)" [_thread_blocked, id=13876, stack(0x000000fb36c00000,0x000000fb36d00000)]
  0x0000022f177217a0 JavaThread "File lock request listener" [_thread_in_native, id=11740, stack(0x000000fb37b00000,0x000000fb37c00000)]
  0x0000022f177242f0 JavaThread "Cache worker for file hash cache (C:\Users\111\.gradle\caches\8.0\fileHashes)" [_thread_blocked, id=15160, stack(0x000000fb37c00000,0x000000fb37d00000)]
  0x0000022f17b54930 JavaThread "C2 CompilerThread2" daemon [_thread_in_native, id=9816, stack(0x000000fb37d00000,0x000000fb37e00000)]
  0x0000022f17722140 JavaThread "File watcher server" daemon [_thread_in_native, id=10808, stack(0x000000fb37e00000,0x000000fb37f00000)]
  0x0000022f17722ae0 JavaThread "File watcher consumer" daemon [_thread_blocked, id=10592, stack(0x000000fb37f00000,0x000000fb38000000)]
  0x0000022f17720930 JavaThread "Cache worker for checksums cache (D:\AgroLine\.gradle\8.0\checksums)" [_thread_blocked, id=11004, stack(0x000000fb38000000,0x000000fb38100000)]
  0x0000022f17722fb0 JavaThread "Cache worker for cache directory md-rule (C:\Users\111\.gradle\caches\8.0\md-rule)" [_thread_blocked, id=14952, stack(0x000000fb38100000,0x000000fb38200000)]
  0x0000022f17720e00 JavaThread "Cache worker for file content cache (C:\Users\111\.gradle\caches\8.0\fileContent)" [_thread_blocked, id=3924, stack(0x000000fb38200000,0x000000fb38300000)]
  0x0000022f177212d0 JavaThread "Cache worker for file hash cache (D:\AgroLine\.gradle\8.0\fileHashes)" [_thread_blocked, id=12208, stack(0x000000fb38300000,0x000000fb38400000)]
  0x0000022f17721c70 JavaThread "Cache worker for cache directory md-supplier (C:\Users\111\.gradle\caches\8.0\md-supplier)" [_thread_blocked, id=1424, stack(0x000000fb38400000,0x000000fb38500000)]
  0x0000022f17b80410 JavaThread "Cache worker for execution history cache (C:\Users\111\.gradle\caches\8.0\executionHistory)" [_thread_blocked, id=9568, stack(0x000000fb38500000,0x000000fb38600000)]
  0x0000022f17b7ca50 JavaThread "jar transforms" [_thread_blocked, id=1912, stack(0x000000fb38600000,0x000000fb38700000)]
  0x0000022f17b79f00 JavaThread "jar transforms Thread 2" [_thread_blocked, id=11872, stack(0x000000fb38700000,0x000000fb38800000)]
  0x0000022f17b81750 JavaThread "Cache worker for kotlin-dsl (C:\Users\111\.gradle\caches\8.0\kotlin-dsl)" [_thread_blocked, id=13232, stack(0x000000fb38900000,0x000000fb38a00000)]
  0x0000022f17b7a8a0 JavaThread "jar transforms Thread 3" [_thread_blocked, id=10204, stack(0x000000fb38a00000,0x000000fb38b00000)]
  0x0000022f17b7ad70 JavaThread "jar transforms Thread 4" [_thread_blocked, id=4184, stack(0x000000fb38b00000,0x000000fb38c00000)]
  0x0000022f17b7b240 JavaThread "Cache worker for dependencies-accessors (D:\AgroLine\.gradle\8.0\dependencies-accessors)" [_thread_blocked, id=14212, stack(0x000000fb38c00000,0x000000fb38d00000)]
  0x0000022f17b7b710 JavaThread "Cache worker for Build Output Cleanup Cache (D:\AgroLine\.gradle\buildOutputCleanup)" [_thread_blocked, id=5360, stack(0x000000fb38d00000,0x000000fb38e00000)]
  0x0000022f17b7c0b0 JavaThread "jar transforms Thread 5" [_thread_blocked, id=4536, stack(0x000000fb38e00000,0x000000fb38f00000)]

Other Threads:
  0x0000022f134e6de0 VMThread "VM Thread" [stack: 0x000000fb35a00000,0x000000fb35b00000] [id=8232]
  0x0000022f776d97f0 WatcherThread [stack: 0x000000fb36600000,0x000000fb36700000] [id=9916]
  0x0000022f776bd590 GCTaskThread "GC Thread#0" [stack: 0x000000fb35500000,0x000000fb35600000] [id=13384]
  0x0000022f1458a0d0 GCTaskThread "GC Thread#1" [stack: 0x000000fb36800000,0x000000fb36900000] [id=5980]
  0x0000022f14d833e0 GCTaskThread "GC Thread#2" [stack: 0x000000fb36900000,0x000000fb36a00000] [id=12736]
  0x0000022f151ae640 GCTaskThread "GC Thread#3" [stack: 0x000000fb36a00000,0x000000fb36b00000] [id=14476]
  0x0000022f155f7fd0 GCTaskThread "GC Thread#4" [stack: 0x000000fb36700000,0x000000fb36800000] [id=2288]
  0x0000022f155f7510 GCTaskThread "GC Thread#5" [stack: 0x000000fb37700000,0x000000fb37800000] [id=6692]
  0x0000022f155f8280 GCTaskThread "GC Thread#6" [stack: 0x000000fb37800000,0x000000fb37900000] [id=8556]
  0x0000022f155f8530 GCTaskThread "GC Thread#7" [stack: 0x000000fb37900000,0x000000fb37a00000] [id=6736]
  0x0000022f776ce5a0 ConcurrentGCThread "G1 Main Marker" [stack: 0x000000fb35600000,0x000000fb35700000] [id=9400]
  0x0000022f776cf750 ConcurrentGCThread "G1 Conc#0" [stack: 0x000000fb35700000,0x000000fb35800000] [id=13756]
  0x0000022f155f7d20 ConcurrentGCThread "G1 Conc#1" [stack: 0x000000fb37a00000,0x000000fb37b00000] [id=8920]
  0x0000022f133624c0 ConcurrentGCThread "G1 Refine#0" [stack: 0x000000fb35800000,0x000000fb35900000] [id=600]
  0x0000022f18298f80 ConcurrentGCThread "G1 Refine#1" [stack: 0x000000fb38800000,0x000000fb38900000] [id=10384]
  0x0000022f13362ee0 ConcurrentGCThread "G1 Service" [stack: 0x000000fb35900000,0x000000fb35a00000] [id=14660]

Threads with active compile tasks:
C2 CompilerThread0    15689 4379       4       org.gradle.internal.service.DefaultServiceRegistry$OwnServices::getService (309 bytes)
C1 CompilerThread0    15689 4418       1       org.gradle.internal.resource.ExternalResourceName::getPath (5 bytes)
C2 CompilerThread1    15689 4404       4       java.util.regex.Pattern::compile (500 bytes)
C2 CompilerThread2    15689 4400   !   4       java.lang.ClassLoader::loadClass (121 bytes)

VM state: not at safepoint (normal execution)

VM Mutex/Monitor currently owned by a thread: None

Heap address: 0x0000000080000000, size: 2048 MB, Compressed Oops mode: 32-bit

CDS archive(s) not mapped
Compressed class space mapped at: 0x0000000100000000-0x0000000140000000, reserved size: 1073741824
Narrow klass base: 0x0000000000000000, Narrow klass shift: 3, Narrow klass range: 0x140000000

GC Precious Log:
 CPUs: 8 total, 8 available
 Memory: 8112M
 Large Page Support: Disabled
 NUMA Support: Disabled
 Compressed Oops: Enabled (32-bit)
 Heap Region Size: 1M
 Heap Min Capacity: 8M
 Heap Initial Capacity: 128M
 Heap Max Capacity: 2G
 Pre-touch: Disabled
 Parallel Workers: 8
 Concurrent Workers: 2
 Concurrent Refinement Workers: 8
 Periodic GC: Disabled

Heap:
 garbage-first heap   total 86016K, used 44684K [0x0000000080000000, 0x0000000100000000)
  region size 1024K, 16 young (16384K), 4 survivors (4096K)
 Metaspace       used 52174K, committed 52608K, reserved 1097728K
  class space    used 7009K, committed 7232K, reserved 1048576K

Heap Regions: E=young(eden), S=young(survivor), O=old, HS=humongous(starts), HC=humongous(continues), CS=collection set, F=free, OA=open archive, CA=closed archive, TAMS=top-at-mark-start (previous, next)
|   0|0x0000000080000000, 0x0000000080100000, 0x0000000080100000|100%|HS|  |TAMS 0x0000000080100000, 0x0000000080000000| Complete 
|   1|0x0000000080100000, 0x0000000080200000, 0x0000000080200000|100%|HC|  |TAMS 0x0000000080200000, 0x0000000080100000| Complete 
|   2|0x0000000080200000, 0x0000000080300000, 0x0000000080300000|100%|HC|  |TAMS 0x0000000080300000, 0x0000000080200000| Complete 
|   3|0x0000000080300000, 0x0000000080400000, 0x0000000080400000|100%|HC|  |TAMS 0x0000000080400000, 0x0000000080300000| Complete 
|   4|0x0000000080400000, 0x0000000080500000, 0x0000000080500000|100%| O|  |TAMS 0x0000000080500000, 0x0000000080400000| Untracked 
|   5|0x0000000080500000, 0x0000000080600000, 0x0000000080600000|100%| O|  |TAMS 0x0000000080600000, 0x0000000080500000| Untracked 
|   6|0x0000000080600000, 0x0000000080700000, 0x0000000080700000|100%| O|  |TAMS 0x0000000080700000, 0x0000000080600000| Untracked 
|   7|0x0000000080700000, 0x0000000080800000, 0x0000000080800000|100%| O|  |TAMS 0x0000000080800000, 0x0000000080700000| Untracked 
|   8|0x0000000080800000, 0x0000000080900000, 0x0000000080900000|100%| O|  |TAMS 0x0000000080900000, 0x0000000080800000| Untracked 
|   9|0x0000000080900000, 0x0000000080a00000, 0x0000000080a00000|100%| O|  |TAMS 0x0000000080a00000, 0x0000000080900000| Untracked 
|  10|0x0000000080a00000, 0x0000000080b00000, 0x0000000080b00000|100%| O|  |TAMS 0x0000000080b00000, 0x0000000080a00000| Untracked 
|  11|0x0000000080b00000, 0x0000000080b65000, 0x0000000080c00000| 39%| O|  |TAMS 0x0000000080b65000, 0x0000000080b00000| Untracked 
|  12|0x0000000080c00000, 0x0000000080d00000, 0x0000000080d00000|100%| O|  |TAMS 0x0000000080d00000, 0x0000000080c00000| Untracked 
|  13|0x0000000080d00000, 0x0000000080e00000, 0x0000000080e00000|100%| O|  |TAMS 0x0000000080e00000, 0x0000000080d00000| Untracked 
|  14|0x0000000080e00000, 0x0000000080f00000, 0x0000000080f00000|100%| O|  |TAMS 0x0000000080f00000, 0x0000000080e00000| Untracked 
|  15|0x0000000080f00000, 0x0000000081000000, 0x0000000081000000|100%| O|  |TAMS 0x0000000081000000, 0x0000000080f00000| Untracked 
|  16|0x0000000081000000, 0x0000000081100000, 0x0000000081100000|100%| O|  |TAMS 0x0000000081100000, 0x0000000081000000| Untracked 
|  17|0x0000000081100000, 0x0000000081200000, 0x0000000081200000|100%| O|  |TAMS 0x0000000081200000, 0x0000000081100000| Untracked 
|  18|0x0000000081200000, 0x0000000081300000, 0x0000000081300000|100%| O|  |TAMS 0x00000000812bce00, 0x0000000081200000| Untracked 
|  19|0x0000000081300000, 0x0000000081400000, 0x0000000081400000|100%| O|  |TAMS 0x0000000081300000, 0x0000000081300000| Untracked 
|  20|0x0000000081400000, 0x0000000081500000, 0x0000000081500000|100%| O|  |TAMS 0x0000000081400000, 0x0000000081400000| Untracked 
|  21|0x0000000081500000, 0x0000000081600000, 0x0000000081600000|100%| O|  |TAMS 0x0000000081500000, 0x0000000081500000| Untracked 
|  22|0x0000000081600000, 0x0000000081700000, 0x0000000081700000|100%| O|  |TAMS 0x0000000081600000, 0x0000000081600000| Untracked 
|  23|0x0000000081700000, 0x0000000081800000, 0x0000000081800000|100%| O|  |TAMS 0x0000000081700000, 0x0000000081700000| Untracked 
|  24|0x0000000081800000, 0x0000000081900000, 0x0000000081900000|100%| O|  |TAMS 0x0000000081800000, 0x0000000081800000| Untracked 
|  25|0x0000000081900000, 0x0000000081a00000, 0x0000000081a00000|100%| O|  |TAMS 0x0000000081900000, 0x0000000081900000| Untracked 
|  26|0x0000000081a00000, 0x0000000081a6dc00, 0x0000000081b00000| 42%| O|  |TAMS 0x0000000081a00000, 0x0000000081a00000| Untracked 
|  27|0x0000000081b00000, 0x0000000081b00000, 0x0000000081c00000|  0%| F|  |TAMS 0x0000000081b00000, 0x0000000081b00000| Untracked 
|  28|0x0000000081c00000, 0x0000000081d00000, 0x0000000081d00000|100%| O|  |TAMS 0x0000000081c00000, 0x0000000081c00000| Untracked 
|  29|0x0000000081d00000, 0x0000000081e00000, 0x0000000081e00000|100%| O|  |TAMS 0x0000000081d00000, 0x0000000081d00000| Untracked 
|  30|0x0000000081e00000, 0x0000000081f00000, 0x0000000081f00000|100%| O|  |TAMS 0x0000000081e00000, 0x0000000081e00000| Untracked 
|  31|0x0000000081f00000, 0x0000000081f00000, 0x0000000082000000|  0%| F|  |TAMS 0x0000000081f00000, 0x0000000081f00000| Untracked 
|  32|0x0000000082000000, 0x0000000082000000, 0x0000000082100000|  0%| F|  |TAMS 0x0000000082000000, 0x0000000082000000| Untracked 
|  33|0x0000000082100000, 0x0000000082100000, 0x0000000082200000|  0%| F|  |TAMS 0x0000000082100000, 0x0000000082100000| Untracked 
|  34|0x0000000082200000, 0x0000000082200000, 0x0000000082300000|  0%| F|  |TAMS 0x0000000082200000, 0x0000000082200000| Untracked 
|  35|0x0000000082300000, 0x0000000082300000, 0x0000000082400000|  0%| F|  |TAMS 0x0000000082300000, 0x0000000082300000| Untracked 
|  36|0x0000000082400000, 0x0000000082400000, 0x0000000082500000|  0%| F|  |TAMS 0x0000000082400000, 0x0000000082400000| Untracked 
|  37|0x0000000082500000, 0x0000000082500000, 0x0000000082600000|  0%| F|  |TAMS 0x0000000082500000, 0x0000000082500000| Untracked 
|  38|0x0000000082600000, 0x0000000082600000, 0x0000000082700000|  0%| F|  |TAMS 0x0000000082600000, 0x0000000082600000| Untracked 
|  39|0x0000000082700000, 0x0000000082700000, 0x0000000082800000|  0%| F|  |TAMS 0x0000000082700000, 0x0000000082700000| Untracked 
|  40|0x0000000082800000, 0x0000000082800000, 0x0000000082900000|  0%| F|  |TAMS 0x0000000082800000, 0x0000000082800000| Untracked 
|  41|0x0000000082900000, 0x0000000082900000, 0x0000000082a00000|  0%| F|  |TAMS 0x0000000082900000, 0x0000000082900000| Untracked 
|  42|0x0000000082a00000, 0x0000000082a00000, 0x0000000082b00000|  0%| F|  |TAMS 0x0000000082a00000, 0x0000000082a00000| Untracked 
|  43|0x0000000082b00000, 0x0000000082b00000, 0x0000000082c00000|  0%| F|  |TAMS 0x0000000082b00000, 0x0000000082b00000| Untracked 
|  44|0x0000000082c00000, 0x0000000082c00000, 0x0000000082d00000|  0%| F|  |TAMS 0x0000000082c00000, 0x0000000082c00000| Untracked 
|  45|0x0000000082d00000, 0x0000000082d00000, 0x0000000082e00000|  0%| F|  |TAMS 0x0000000082d00000, 0x0000000082d00000| Untracked 
|  46|0x0000000082e00000, 0x0000000082e00000, 0x0000000082f00000|  0%| F|  |TAMS 0x0000000082e00000, 0x0000000082e00000| Untracked 
|  47|0x0000000082f00000, 0x0000000082fd0570, 0x0000000083000000| 81%| S|CS|TAMS 0x0000000082f00000, 0x0000000082f00000| Complete 
|  48|0x0000000083000000, 0x0000000083100000, 0x0000000083100000|100%| S|CS|TAMS 0x0000000083000000, 0x0000000083000000| Complete 
|  49|0x0000000083100000, 0x0000000083200000, 0x0000000083200000|100%| S|CS|TAMS 0x0000000083100000, 0x0000000083100000| Complete 
|  50|0x0000000083200000, 0x0000000083300000, 0x0000000083300000|100%| S|CS|TAMS 0x0000000083200000, 0x0000000083200000| Complete 
|  51|0x0000000083300000, 0x0000000083300000, 0x0000000083400000|  0%| F|  |TAMS 0x0000000083300000, 0x0000000083300000| Untracked 
|  52|0x0000000083400000, 0x0000000083400000, 0x0000000083500000|  0%| F|  |TAMS 0x0000000083400000, 0x0000000083400000| Untracked 
|  53|0x0000000083500000, 0x0000000083500000, 0x0000000083600000|  0%| F|  |TAMS 0x0000000083500000, 0x0000000083500000| Untracked 
|  54|0x0000000083600000, 0x0000000083600000, 0x0000000083700000|  0%| F|  |TAMS 0x0000000083600000, 0x0000000083600000| Untracked 
|  55|0x0000000083700000, 0x0000000083700000, 0x0000000083800000|  0%| F|  |TAMS 0x0000000083700000, 0x0000000083700000| Untracked 
|  56|0x0000000083800000, 0x0000000083800000, 0x0000000083900000|  0%| F|  |TAMS 0x0000000083800000, 0x0000000083800000| Untracked 
|  57|0x0000000083900000, 0x0000000083900000, 0x0000000083a00000|  0%| F|  |TAMS 0x0000000083900000, 0x0000000083900000| Untracked 
|  58|0x0000000083a00000, 0x0000000083a00000, 0x0000000083b00000|  0%| F|  |TAMS 0x0000000083a00000, 0x0000000083a00000| Untracked 
|  59|0x0000000083b00000, 0x0000000083b00000, 0x0000000083c00000|  0%| F|  |TAMS 0x0000000083b00000, 0x0000000083b00000| Untracked 
|  60|0x0000000083c00000, 0x0000000083c00000, 0x0000000083d00000|  0%| F|  |TAMS 0x0000000083c00000, 0x0000000083c00000| Untracked 
|  61|0x0000000083d00000, 0x0000000083d00000, 0x0000000083e00000|  0%| F|  |TAMS 0x0000000083d00000, 0x0000000083d00000| Untracked 
|  62|0x0000000083e00000, 0x0000000083e00000, 0x0000000083f00000|  0%| F|  |TAMS 0x0000000083e00000, 0x0000000083e00000| Untracked 
|  63|0x0000000083f00000, 0x0000000083f00000, 0x0000000084000000|  0%| F|  |TAMS 0x0000000083f00000, 0x0000000083f00000| Untracked 
|  64|0x0000000084000000, 0x0000000084000000, 0x0000000084100000|  0%| F|  |TAMS 0x0000000084000000, 0x0000000084000000| Untracked 
|  65|0x0000000084100000, 0x0000000084100000, 0x0000000084200000|  0%| F|  |TAMS 0x0000000084100000, 0x0000000084100000| Untracked 
|  66|0x0000000084200000, 0x0000000084200000, 0x0000000084300000|  0%| F|  |TAMS 0x0000000084200000, 0x0000000084200000| Untracked 
|  67|0x0000000084300000, 0x0000000084300000, 0x0000000084400000|  0%| F|  |TAMS 0x0000000084300000, 0x0000000084300000| Untracked 
|  68|0x0000000084400000, 0x0000000084400000, 0x0000000084500000|  0%| F|  |TAMS 0x0000000084400000, 0x0000000084400000| Untracked 
|  69|0x0000000084500000, 0x0000000084500000, 0x0000000084600000|  0%| F|  |TAMS 0x0000000084500000, 0x0000000084500000| Untracked 
|  70|0x0000000084600000, 0x0000000084600000, 0x0000000084700000|  0%| F|  |TAMS 0x0000000084600000, 0x0000000084600000| Untracked 
|  71|0x0000000084700000, 0x0000000084700000, 0x0000000084800000|  0%| F|  |TAMS 0x0000000084700000, 0x0000000084700000| Untracked 
|  72|0x0000000084800000, 0x0000000084882358, 0x0000000084900000| 50%| E|  |TAMS 0x0000000084800000, 0x0000000084800000| Complete 
|  73|0x0000000084900000, 0x0000000084a00000, 0x0000000084a00000|100%| E|CS|TAMS 0x0000000084900000, 0x0000000084900000| Complete 
|  78|0x0000000084e00000, 0x0000000084f00000, 0x0000000084f00000|100%| E|CS|TAMS 0x0000000084e00000, 0x0000000084e00000| Complete 
|  79|0x0000000084f00000, 0x0000000085000000, 0x0000000085000000|100%| E|CS|TAMS 0x0000000084f00000, 0x0000000084f00000| Complete 
|  80|0x0000000085000000, 0x0000000085100000, 0x0000000085100000|100%| E|CS|TAMS 0x0000000085000000, 0x0000000085000000| Complete 
|  81|0x0000000085100000, 0x0000000085200000, 0x0000000085200000|100%| E|CS|TAMS 0x0000000085100000, 0x0000000085100000| Complete 
|  82|0x0000000085200000, 0x0000000085300000, 0x0000000085300000|100%| E|CS|TAMS 0x0000000085200000, 0x0000000085200000| Complete 
|  83|0x0000000085300000, 0x0000000085400000, 0x0000000085400000|100%| E|CS|TAMS 0x0000000085300000, 0x0000000085300000| Complete 
|  84|0x0000000085400000, 0x0000000085500000, 0x0000000085500000|100%| E|CS|TAMS 0x0000000085400000, 0x0000000085400000| Complete 
|  85|0x0000000085500000, 0x0000000085600000, 0x0000000085600000|100%| E|CS|TAMS 0x0000000085500000, 0x0000000085500000| Complete 
|  86|0x0000000085600000, 0x0000000085700000, 0x0000000085700000|100%| E|CS|TAMS 0x0000000085600000, 0x0000000085600000| Complete 
| 127|0x0000000087f00000, 0x0000000088000000, 0x0000000088000000|100%| E|CS|TAMS 0x0000000087f00000, 0x0000000087f00000| Complete 

Card table byte_map: [0x0000022f7d180000,0x0000022f7d580000] _byte_map_base: 0x0000022f7cd80000

Marking Bits (Prev, Next): (CMBitMap*) 0x0000022f776bdba0, (CMBitMap*) 0x0000022f776bdbe0
 Prev Bits: [0x0000022f7d980000, 0x0000022f7f980000)
 Next Bits: [0x0000022f0f000000, 0x0000022f11000000)

Polling page: 0x0000022f77730000

Metaspace:

Usage:
  Non-class:     44.11 MB used.
      Class:      6.85 MB used.
       Both:     50.95 MB used.

Virtual space:
  Non-class space:       48.00 MB reserved,      44.31 MB ( 92%) committed,  6 nodes.
      Class space:        1.00 GB reserved,       7.06 MB ( <1%) committed,  1 nodes.
             Both:        1.05 GB reserved,      51.38 MB (  5%) committed. 

Chunk freelists:
   Non-Class:  3.44 MB
       Class:  944.00 KB
        Both:  4.36 MB

MaxMetaspaceSize: unlimited
CompressedClassSpaceSize: 1.00 GB
Initial GC threshold: 21.00 MB
Current GC threshold: 58.88 MB
CDS: off
MetaspaceReclaimPolicy: balanced
 - commit_granule_bytes: 65536.
 - commit_granule_words: 8192.
 - virtual_space_node_default_size: 1048576.
 - enlarge_chunks_in_place: 1.
 - new_chunks_are_fully_committed: 0.
 - uncommit_free_chunks: 1.
 - use_allocation_guard: 0.
 - handle_deallocations: 1.


Internal statistics:

num_allocs_failed_limit: 6.
num_arena_births: 558.
num_arena_deaths: 0.
num_vsnodes_births: 7.
num_vsnodes_deaths: 0.
num_space_committed: 822.
num_space_uncommitted: 0.
num_chunks_returned_to_freelist: 6.
num_chunks_taken_from_freelist: 2211.
num_chunk_merges: 6.
num_chunk_splits: 1470.
num_chunks_enlarged: 1020.
num_purges: 0.
num_inconsistent_stats: 0.

CodeHeap 'non-profiled nmethods': size=120000Kb used=2774Kb max_used=2774Kb free=117225Kb
 bounds [0x0000022f07ad0000, 0x0000022f07d90000, 0x0000022f0f000000]
CodeHeap 'profiled nmethods': size=120000Kb used=8999Kb max_used=8999Kb free=111001Kb
 bounds [0x0000022f00000000, 0x0000022f008d0000, 0x0000022f07530000]
CodeHeap 'non-nmethods': size=5760Kb used=2313Kb max_used=2372Kb free=3446Kb
 bounds [0x0000022f07530000, 0x0000022f077a0000, 0x0000022f07ad0000]
 total_blobs=5241 nmethods=4409 adapters=744
 compilation: enabled
              stopped_count=0, restarted_count=0
 full_count=0

Compilation events (20 events):
Event: 15.528 Thread 0x0000022f17b54930 nmethod 4393 0x0000022f07d7dc10 code [0x0000022f07d7dda0, 0x0000022f07d7e268]
Event: 15.528 Thread 0x0000022f17b54930 4392   !   4       java.util.zip.ZipFile$CleanableResource::releaseInflater (53 bytes)
Event: 15.531 Thread 0x0000022f1430c1e0 nmethod 4391 0x0000022f07d7e410 code [0x0000022f07d7e5c0, 0x0000022f07d7ef38]
Event: 15.532 Thread 0x0000022f17b54930 nmethod 4392 0x0000022f07d7f390 code [0x0000022f07d7f540, 0x0000022f07d7fe78]
Event: 15.535 Thread 0x0000022f140263c0 4395       3       java.lang.System::getProperty (25 bytes)
Event: 15.536 Thread 0x0000022f140263c0 nmethod 4395 0x0000022f008be890 code [0x0000022f008beaa0, 0x0000022f008bf178]
Event: 15.536 Thread 0x0000022f140263c0 4396       3       java.net.URI$Parser::scan (41 bytes)
Event: 15.537 Thread 0x0000022f140263c0 nmethod 4396 0x0000022f008bf410 code [0x0000022f008bf660, 0x0000022f008bffd8]
Event: 15.543 Thread 0x0000022f140263c0 4397       3       com.google.common.collect.CollectPreconditions::checkNonnegative (48 bytes)
Event: 15.543 Thread 0x0000022f1430c1e0 4398       4       java.util.jar.JarFile::getManifest (5 bytes)
Event: 15.543 Thread 0x0000022f140263c0 nmethod 4397 0x0000022f008c0410 code [0x0000022f008c0680, 0x0000022f008c0f88]
Event: 15.552 Thread 0x0000022f17b54930 4400   !   4       java.lang.ClassLoader::loadClass (121 bytes)
Event: 15.552 Thread 0x0000022f140263c0 4399       3       java.lang.invoke.LambdaFormEditor::getInCache (165 bytes)
Event: 15.552 Thread 0x0000022f140263c0 nmethod 4399 0x0000022f008c1390 code [0x0000022f008c1600, 0x0000022f008c2478]
Event: 15.594 Thread 0x0000022f140263c0 4403       3       java.util.regex.Pattern::range (294 bytes)
Event: 15.596 Thread 0x0000022f140263c0 nmethod 4403 0x0000022f008c2810 code [0x0000022f008c2c40, 0x0000022f008c4498]
Event: 15.602 Thread 0x0000022f1430c1e0 nmethod 4398 0x0000022f07d80290 code [0x0000022f07d805a0, 0x0000022f07d834f0]
Event: 15.602 Thread 0x0000022f1430c1e0 4404       4       java.util.regex.Pattern::compile (500 bytes)
Event: 15.628 Thread 0x0000022f140263c0 4405       1       org.gradle.api.attributes.Attribute::getName (5 bytes)
Event: 15.628 Thread 0x0000022f140263c0 nmethod 4405 0x0000022f07d84410 code [0x0000022f07d845a0, 0x0000022f07d84678]

GC Heap History (20 events):
Event: 5.582 GC heap before
{Heap before GC invocations=0 (full 0):
 garbage-first heap   total 131072K, used 27648K [0x0000000080000000, 0x0000000100000000)
  region size 1024K, 23 young (23552K), 0 survivors (0K)
 Metaspace       used 10270K, committed 10432K, reserved 1064960K
  class space    used 1062K, committed 1152K, reserved 1048576K
}
Event: 5.586 GC heap after
{Heap after GC invocations=1 (full 0):
 garbage-first heap   total 131072K, used 10261K [0x0000000080000000, 0x0000000100000000)
  region size 1024K, 3 young (3072K), 3 survivors (3072K)
 Metaspace       used 10270K, committed 10432K, reserved 1064960K
  class space    used 1062K, committed 1152K, reserved 1048576K
}
Event: 11.720 GC heap before
{Heap before GC invocations=1 (full 0):
 garbage-first heap   total 131072K, used 39957K [0x0000000080000000, 0x0000000100000000)
  region size 1024K, 32 young (32768K), 3 survivors (3072K)
 Metaspace       used 11232K, committed 11456K, reserved 1064960K
  class space    used 1166K, committed 1280K, reserved 1048576K
}
Event: 11.724 GC heap after
{Heap after GC invocations=2 (full 0):
 garbage-first heap   total 131072K, used 14740K [0x0000000080000000, 0x0000000100000000)
  region size 1024K, 4 young (4096K), 4 survivors (4096K)
 Metaspace       used 11232K, committed 11456K, reserved 1064960K
  class space    used 1166K, committed 1280K, reserved 1048576K
}
Event: 12.614 GC heap before
{Heap before GC invocations=2 (full 0):
 garbage-first heap   total 131072K, used 51604K [0x0000000080000000, 0x0000000100000000)
  region size 1024K, 41 young (41984K), 4 survivors (4096K)
 Metaspace       used 21178K, committed 21504K, reserved 1073152K
  class space    used 2570K, committed 2752K, reserved 1048576K
}
Event: 12.622 GC heap after
{Heap after GC invocations=3 (full 0):
 garbage-first heap   total 131072K, used 19024K [0x0000000080000000, 0x0000000100000000)
  region size 1024K, 9 young (9216K), 9 survivors (9216K)
 Metaspace       used 21178K, committed 21504K, reserved 1073152K
  class space    used 2570K, committed 2752K, reserved 1048576K
}
Event: 13.215 GC heap before
{Heap before GC invocations=4 (full 0):
 garbage-first heap   total 71680K, used 52816K [0x0000000080000000, 0x0000000100000000)
  region size 1024K, 42 young (43008K), 9 survivors (9216K)
 Metaspace       used 26458K, committed 26752K, reserved 1073152K
  class space    used 3488K, committed 3648K, reserved 1048576K
}
Event: 13.221 GC heap after
{Heap after GC invocations=5 (full 0):
 garbage-first heap   total 71680K, used 21108K [0x0000000080000000, 0x0000000100000000)
  region size 1024K, 3 young (3072K), 3 survivors (3072K)
 Metaspace       used 26458K, committed 26752K, reserved 1073152K
  class space    used 3488K, committed 3648K, reserved 1048576K
}
Event: 13.637 GC heap before
{Heap before GC invocations=5 (full 0):
 garbage-first heap   total 71680K, used 48756K [0x0000000080000000, 0x0000000100000000)
  region size 1024K, 30 young (30720K), 3 survivors (3072K)
 Metaspace       used 30684K, committed 30976K, reserved 1081344K
  class space    used 4180K, committed 4288K, reserved 1048576K
}
Event: 13.640 GC heap after
{Heap after GC invocations=6 (full 0):
 garbage-first heap   total 71680K, used 22329K [0x0000000080000000, 0x0000000100000000)
  region size 1024K, 4 young (4096K), 4 survivors (4096K)
 Metaspace       used 30684K, committed 30976K, reserved 1081344K
  class space    used 4180K, committed 4288K, reserved 1048576K
}
Event: 14.048 GC heap before
{Heap before GC invocations=6 (full 0):
 garbage-first heap   total 71680K, used 48953K [0x0000000080000000, 0x0000000100000000)
  region size 1024K, 31 young (31744K), 4 survivors (4096K)
 Metaspace       used 35660K, committed 35968K, reserved 1081344K
  class space    used 4879K, committed 5056K, reserved 1048576K
}
Event: 14.054 GC heap after
{Heap after GC invocations=7 (full 0):
 garbage-first heap   total 71680K, used 24568K [0x0000000080000000, 0x0000000100000000)
  region size 1024K, 4 young (4096K), 4 survivors (4096K)
 Metaspace       used 35660K, committed 35968K, reserved 1081344K
  class space    used 4879K, committed 5056K, reserved 1048576K
}
Event: 14.493 GC heap before
{Heap before GC invocations=8 (full 0):
 garbage-first heap   total 71680K, used 52216K [0x0000000080000000, 0x0000000100000000)
  region size 1024K, 32 young (32768K), 4 survivors (4096K)
 Metaspace       used 40441K, committed 40768K, reserved 1089536K
  class space    used 5364K, committed 5504K, reserved 1048576K
}
Event: 14.498 GC heap after
{Heap after GC invocations=9 (full 0):
 garbage-first heap   total 71680K, used 28819K [0x0000000080000000, 0x0000000100000000)
  region size 1024K, 4 young (4096K), 4 survivors (4096K)
 Metaspace       used 40441K, committed 40768K, reserved 1089536K
  class space    used 5364K, committed 5504K, reserved 1048576K
}
Event: 14.762 GC heap before
{Heap before GC invocations=9 (full 0):
 garbage-first heap   total 71680K, used 55443K [0x0000000080000000, 0x0000000100000000)
  region size 1024K, 28 young (28672K), 4 survivors (4096K)
 Metaspace       used 43205K, committed 43648K, reserved 1089536K
  class space    used 5676K, committed 5888K, reserved 1048576K
}
Event: 14.766 GC heap after
{Heap after GC invocations=10 (full 0):
 garbage-first heap   total 71680K, used 29755K [0x0000000080000000, 0x0000000100000000)
  region size 1024K, 3 young (3072K), 3 survivors (3072K)
 Metaspace       used 43205K, committed 43648K, reserved 1089536K
  class space    used 5676K, committed 5888K, reserved 1048576K
}
Event: 15.018 GC heap before
{Heap before GC invocations=10 (full 0):
 garbage-first heap   total 71680K, used 53307K [0x0000000080000000, 0x0000000100000000)
  region size 1024K, 26 young (26624K), 3 survivors (3072K)
 Metaspace       used 45992K, committed 46464K, reserved 1089536K
  class space    used 6039K, committed 6272K, reserved 1048576K
}
Event: 15.020 GC heap after
{Heap after GC invocations=11 (full 0):
 garbage-first heap   total 86016K, used 31461K [0x0000000080000000, 0x0000000100000000)
  region size 1024K, 4 young (4096K), 4 survivors (4096K)
 Metaspace       used 45992K, committed 46464K, reserved 1089536K
  class space    used 6039K, committed 6272K, reserved 1048576K
}
Event: 15.519 GC heap before
{Heap before GC invocations=11 (full 0):
 garbage-first heap   total 86016K, used 65253K [0x0000000080000000, 0x0000000100000000)
  region size 1024K, 37 young (37888K), 4 survivors (4096K)
 Metaspace       used 50540K, committed 50944K, reserved 1097728K
  class space    used 6782K, committed 6976K, reserved 1048576K
}
Event: 15.522 GC heap after
{Heap after GC invocations=12 (full 0):
 garbage-first heap   total 86016K, used 33420K [0x0000000080000000, 0x0000000100000000)
  region size 1024K, 4 young (4096K), 4 survivors (4096K)
 Metaspace       used 50540K, committed 50944K, reserved 1097728K
  class space    used 6782K, committed 6976K, reserved 1048576K
}

Dll operation events (2 events):
Event: 0.006 Loaded shared library C:\Program Files\Android\Android Studio\jbr\bin\java.dll
Event: 3.094 Loaded shared library C:\Program Files\Android\Android Studio\jbr\bin\verify.dll

Deoptimization events (20 events):
Event: 15.467 Thread 0x0000022f172c4270 Uncommon trap: trap_request=0xffffff45 fr.pc=0x0000022f07d3e164 relative=0x0000000000005c64
Event: 15.467 Thread 0x0000022f172c4270 Uncommon trap: reason=unstable_if action=reinterpret pc=0x0000022f07d3e164 method=org.objectweb.asm.Frame.execute(IILorg/objectweb/asm/Symbol;Lorg/objectweb/asm/SymbolTable;)V @ 1 c2
Event: 15.467 Thread 0x0000022f172c4270 DEOPT PACKING pc=0x0000022f07d3e164 sp=0x000000fb373f8640
Event: 15.467 Thread 0x0000022f172c4270 DEOPT UNPACKING pc=0x0000022f075869a3 sp=0x000000fb373f85f8 mode 2
Event: 15.470 Thread 0x0000022f172c4270 Uncommon trap: trap_request=0xffffff76 fr.pc=0x0000022f07c18bb0 relative=0x0000000000000270
Event: 15.470 Thread 0x0000022f172c4270 Uncommon trap: reason=predicate action=maybe_recompile pc=0x0000022f07c18bb0 method=com.google.common.base.CharMatcher.indexIn(Ljava/lang/CharSequence;I)I @ 19 c2
Event: 15.470 Thread 0x0000022f172c4270 DEOPT PACKING pc=0x0000022f07c18bb0 sp=0x000000fb373f9480
Event: 15.470 Thread 0x0000022f172c4270 DEOPT UNPACKING pc=0x0000022f075869a3 sp=0x000000fb373f9428 mode 2
Event: 15.482 Thread 0x0000022f172c4270 Uncommon trap: trap_request=0xffffff45 fr.pc=0x0000022f07b4e474 relative=0x0000000000000254
Event: 15.482 Thread 0x0000022f172c4270 Uncommon trap: reason=unstable_if action=reinterpret pc=0x0000022f07b4e474 method=java.net.URI$Parser.scan(IILjava/lang/String;)I @ 26 c2
Event: 15.482 Thread 0x0000022f172c4270 DEOPT PACKING pc=0x0000022f07b4e474 sp=0x000000fb373f81b0
Event: 15.482 Thread 0x0000022f172c4270 DEOPT UNPACKING pc=0x0000022f075869a3 sp=0x000000fb373f8130 mode 2
Event: 15.482 Thread 0x0000022f172c4270 Uncommon trap: trap_request=0xffffff45 fr.pc=0x0000022f07b27750 relative=0x0000000000000130
Event: 15.482 Thread 0x0000022f172c4270 Uncommon trap: reason=unstable_if action=reinterpret pc=0x0000022f07b27750 method=java.net.URI.match(CJJ)Z @ 45 c2
Event: 15.482 Thread 0x0000022f172c4270 DEOPT PACKING pc=0x0000022f07b27750 sp=0x000000fb373f7f10
Event: 15.482 Thread 0x0000022f172c4270 DEOPT UNPACKING pc=0x0000022f075869a3 sp=0x000000fb373f7e48 mode 2
Event: 15.482 Thread 0x0000022f172c4270 Uncommon trap: trap_request=0xffffff45 fr.pc=0x0000022f07aec84c relative=0x000000000000004c
Event: 15.482 Thread 0x0000022f172c4270 Uncommon trap: reason=unstable_if action=reinterpret pc=0x0000022f07aec84c method=java.net.URI.match(CJJ)Z @ 19 c2
Event: 15.482 Thread 0x0000022f172c4270 DEOPT PACKING pc=0x0000022f07aec84c sp=0x000000fb373f7f20
Event: 15.482 Thread 0x0000022f172c4270 DEOPT UNPACKING pc=0x0000022f075869a3 sp=0x000000fb373f7ed0 mode 2

Classes unloaded (0 events):
No events

Classes redefined (0 events):
No events

Internal exceptions (20 events):
Event: 14.722 Thread 0x0000022f172c4270 Exception <a 'java/lang/NoSuchMethodError'{0x00000000834a5a60}: 'java.lang.Object java.lang.invoke.DirectMethodHandle$Holder.invokeStatic(java.lang.Object, java.lang.Object, java.lang.Object, java.lang.Object, java.lang.Object, java.lang.Object, java.lang.Object, java.lang.Object, java.lang.Object, java.lang.Object, java.lang.Object, java.lang.Object, java.lang.Object, java.lang.Object, java.lang.Object, java.lang.Object, java.lang.Object)'> (0x00000000834a5a60) 
thrown [s\src\hotspot\share\interpreter\lin
Event: 14.723 Thread 0x0000022f172c4270 Exception <a 'java/lang/NoSuchMethodError'{0x00000000834cd3d8}: 'java.lang.Object java.lang.invoke.DirectMethodHandle$Holder.invokeStatic(java.lang.Object, java.lang.Object, java.lang.Object, java.lang.Object, java.lang.Object, java.lang.Object, java.lang.Object, java.lang.Object, java.lang.Object, java.lang.Object, java.lang.Object, java.lang.Object, java.lang.Object, java.lang.Object, java.lang.Object, java.lang.Object, java.lang.Object, java.lang.Object)'> (0x00000000834cd3d8) 
thrown [s\src\hotspot\sha
Event: 14.725 Thread 0x0000022f172c4270 Exception <a 'java/lang/NoSuchMethodError'{0x00000000834f59c8}: 'java.lang.Object java.lang.invoke.DirectMethodHandle$Holder.invokeStatic(java.lang.Object, java.lang.Object, java.lang.Object, java.lang.Object, java.lang.Object, java.lang.Object, java.lang.Object, java.lang.Object, java.lang.Object, java.lang.Object, java.lang.Object, java.lang.Object, java.lang.Object, java.lang.Object, java.lang.Object, java.lang.Object, java.lang.Object, java.lang.Object, java.lang.Object)'> (0x00000000834f59c8) 
thrown 
Event: 14.727 Thread 0x0000022f172c4270 Exception <a 'java/lang/NoSuchMethodError'{0x000000008331f848}: 'java.lang.Object java.lang.invoke.DirectMethodHandle$Holder.invokeStatic(java.lang.Object, java.lang.Object, java.lang.Object, java.lang.Object, java.lang.Object, java.lang.Object, java.lang.Object, java.lang.Object, java.lang.Object, java.lang.Object, java.lang.Object, java.lang.Object, java.lang.Object, java.lang.Object, java.lang.Object, java.lang.Object, java.lang.Object, java.lang.Object, java.lang.Object, java.lang.Object)'> (0x00000000
Event: 14.728 Thread 0x0000022f172c4270 Exception <a 'java/lang/NoSuchMethodError'{0x0000000083349f08}: 'java.lang.Object java.lang.invoke.DirectMethodHandle$Holder.invokeStatic(java.lang.Object, java.lang.Object, java.lang.Object, java.lang.Object, java.lang.Object, java.lang.Object, java.lang.Object, java.lang.Object, java.lang.Object, java.lang.Object, java.lang.Object, java.lang.Object, java.lang.Object, java.lang.Object, java.lang.Object, java.lang.Object, java.lang.Object, java.lang.Object, java.lang.Object, java.lang.Object, java.lang.Obj
Event: 14.730 Thread 0x0000022f172c4270 Exception <a 'java/lang/NoSuchMethodError'{0x00000000833751f8}: 'java.lang.Object java.lang.invoke.DirectMethodHandle$Holder.invokeStatic(java.lang.Object, java.lang.Object, java.lang.Object, java.lang.Object, java.lang.Object, java.lang.Object, java.lang.Object, java.lang.Object, java.lang.Object, java.lang.Object, java.lang.Object, java.lang.Object, java.lang.Object, java.lang.Object, java.lang.Object, java.lang.Object, java.lang.Object, java.lang.Object, java.lang.Object, java.lang.Object, java.lang.Obj
Event: 14.732 Thread 0x0000022f172c4270 Exception <a 'java/lang/NoSuchMethodError'{0x00000000833a1cf0}: 'java.lang.Object java.lang.invoke.DirectMethodHandle$Holder.invokeStatic(java.lang.Object, java.lang.Object, java.lang.Object, java.lang.Object, java.lang.Object, java.lang.Object, java.lang.Object, java.lang.Object, java.lang.Object, java.lang.Object, java.lang.Object, java.lang.Object, java.lang.Object, java.lang.Object, java.lang.Object, java.lang.Object, java.lang.Object, java.lang.Object, java.lang.Object, java.lang.Object, java.lang.Obj
Event: 14.734 Thread 0x0000022f172c4270 Exception <a 'java/lang/NoSuchMethodError'{0x00000000833d00a0}: 'java.lang.Object java.lang.invoke.DirectMethodHandle$Holder.invokeStatic(java.lang.Object, java.lang.Object, java.lang.Object, java.lang.Object, java.lang.Object, java.lang.Object, java.lang.Object, java.lang.Object, java.lang.Object, java.lang.Object, java.lang.Object, java.lang.Object, java.lang.Object, java.lang.Object, java.lang.Object, java.lang.Object, java.lang.Object, java.lang.Object, java.lang.Object, java.lang.Object, java.lang.Obj
Event: 14.817 Thread 0x0000022f172c4270 Exception <a 'java/lang/IncompatibleClassChangeError'{0x00000000851f1740}: Found class java.lang.Object, but interface was expected> (0x00000000851f1740) 
thrown [s\src\hotspot\share\interpreter\linkResolver.cpp, line 838]
Event: 14.879 Thread 0x0000022f172c4270 Exception <a 'java/lang/IncompatibleClassChangeError'{0x0000000083a832e0}: Found class java.lang.Object, but interface was expected> (0x0000000083a832e0) 
thrown [s\src\hotspot\share\interpreter\linkResolver.cpp, line 838]
Event: 14.892 Thread 0x0000022f172c4270 Exception <a 'java/lang/NoSuchMethodError'{0x00000000839ff878}: 'int java.lang.invoke.DirectMethodHandle$Holder.invokeStaticInit(java.lang.Object, java.lang.Object, java.lang.Object, java.lang.Object, java.lang.Object)'> (0x00000000839ff878) 
thrown [s\src\hotspot\share\interpreter\linkResolver.cpp, line 771]
Event: 14.969 Thread 0x0000022f172c4270 Implicit null exception at 0x0000022f07c8b96c to 0x0000022f07c8ba10
Event: 15.036 Thread 0x0000022f172c4270 Exception <a 'java/lang/NoSuchMethodError'{0x000000008564e868}: 'void java.lang.invoke.DirectMethodHandle$Holder.invokeInterface(java.lang.Object, java.lang.Object)'> (0x000000008564e868) 
thrown [s\src\hotspot\share\interpreter\linkResolver.cpp, line 771]
Event: 15.037 Thread 0x0000022f172c4270 Exception <a 'java/lang/IncompatibleClassChangeError'{0x0000000085659c18}: Found class java.lang.Object, but interface was expected> (0x0000000085659c18) 
thrown [s\src\hotspot\share\interpreter\linkResolver.cpp, line 838]
Event: 15.062 Thread 0x0000022f172c4270 Exception <a 'java/lang/NoSuchMethodError'{0x00000000855dcee8}: 'java.lang.Object java.lang.invoke.DirectMethodHandle$Holder.newInvokeSpecial(java.lang.Object, int, java.lang.Object)'> (0x00000000855dcee8) 
thrown [s\src\hotspot\share\interpreter\linkResolver.cpp, line 771]
Event: 15.235 Thread 0x0000022f17723e20 Exception <a 'java/lang/NoSuchMethodError'{0x000000008450d878}: static Lorg/gradle/internal/build/event/types/DefaultOperationStartedProgressEvent;.<clinit>()V> (0x000000008450d878) 
thrown [s\src\hotspot\share\prims\jni.cpp, line 1108]
Event: 15.235 Thread 0x0000022f17723e20 Exception <a 'java/lang/NoSuchMethodError'{0x000000008450f148}: static Lorg/gradle/internal/build/event/types/AbstractProgressEvent;.<clinit>()V> (0x000000008450f148) 
thrown [s\src\hotspot\share\prims\jni.cpp, line 1108]
Event: 15.236 Thread 0x0000022f17723e20 Exception <a 'java/lang/NoSuchMethodError'{0x000000008451ff30}: static Lorg/gradle/internal/build/event/types/DefaultProjectConfigurationDescriptor;.<clinit>()V> (0x000000008451ff30) 
thrown [s\src\hotspot\share\prims\jni.cpp, line 1108]
Event: 15.236 Thread 0x0000022f17723e20 Exception <a 'java/lang/NoSuchMethodError'{0x00000000845224a8}: static Lorg/gradle/internal/build/event/types/DefaultOperationDescriptor;.<clinit>()V> (0x00000000845224a8) 
thrown [s\src\hotspot\share\prims\jni.cpp, line 1108]
Event: 15.238 Thread 0x0000022f17723e20 Exception <a 'java/lang/NoSuchMethodError'{0x00000000845b7d58}: static Lorg/gradle/internal/operations/OperationIdentifier;.<clinit>()V> (0x00000000845b7d58) 
thrown [s\src\hotspot\share\prims\jni.cpp, line 1108]

VM Operations (20 events):
Event: 14.818 Executing VM operation: HandshakeAllThreads
Event: 14.818 Executing VM operation: HandshakeAllThreads done
Event: 14.850 Executing VM operation: HandshakeAllThreads
Event: 14.850 Executing VM operation: HandshakeAllThreads done
Event: 14.882 Executing VM operation: HandshakeAllThreads
Event: 14.882 Executing VM operation: HandshakeAllThreads done
Event: 14.947 Executing VM operation: HandshakeAllThreads
Event: 14.947 Executing VM operation: HandshakeAllThreads done
Event: 15.018 Executing VM operation: G1CollectForAllocation
Event: 15.021 Executing VM operation: G1CollectForAllocation done
Event: 15.195 Executing VM operation: HandshakeAllThreads
Event: 15.195 Executing VM operation: HandshakeAllThreads done
Event: 15.222 Executing VM operation: HandshakeAllThreads
Event: 15.223 Executing VM operation: HandshakeAllThreads done
Event: 15.443 Executing VM operation: ICBufferFull
Event: 15.443 Executing VM operation: ICBufferFull done
Event: 15.519 Executing VM operation: G1CollectForAllocation
Event: 15.522 Executing VM operation: G1CollectForAllocation done
Event: 15.630 Executing VM operation: HandshakeAllThreads
Event: 15.630 Executing VM operation: HandshakeAllThreads done

Events (20 events):
Event: 15.485 loading class java/io/DeleteOnExitHook$1
Event: 15.485 loading class java/io/DeleteOnExitHook$1 done
Event: 15.505 loading class javax/net/ssl/HostnameVerifier
Event: 15.505 loading class javax/net/ssl/HostnameVerifier done
Event: 15.506 loading class javax/net/ssl/TrustManager
Event: 15.506 loading class javax/net/ssl/TrustManager done
Event: 15.506 loading class javax/net/ssl/X509TrustManager
Event: 15.506 loading class javax/net/ssl/X509TrustManager done
Event: 15.508 loading class javax/net/ssl/SSLException
Event: 15.508 loading class javax/net/ssl/SSLException done
Event: 15.508 loading class javax/net/ssl/SSLPeerUnverifiedException
Event: 15.508 loading class javax/net/ssl/SSLPeerUnverifiedException done
Event: 15.508 loading class javax/naming/NamingException
Event: 15.509 loading class javax/naming/NamingException done
Event: 15.509 loading class javax/naming/InvalidNameException
Event: 15.509 loading class javax/naming/InvalidNameException done
Event: 15.509 loading class java/security/cert/CertificateParsingException
Event: 15.509 loading class java/security/cert/CertificateException
Event: 15.509 loading class java/security/cert/CertificateException done
Event: 15.509 loading class java/security/cert/CertificateParsingException done


Dynamic libraries:
0x00007ff778e30000 - 0x00007ff778e3a000 	C:\Program Files\Android\Android Studio\jbr\bin\java.exe
0x00007ffeea9b0000 - 0x00007ffeeaba7000 	C:\Windows\SYSTEM32\ntdll.dll
0x00007ffee31c0000 - 0x00007ffee31d9000 	D:\avast\aswhook.dll
0x00007ffee8aa0000 - 0x00007ffee8b5d000 	C:\Windows\System32\KERNEL32.DLL
0x00007ffee8170000 - 0x00007ffee8466000 	C:\Windows\System32\KERNELBASE.dll
0x00007ffee8580000 - 0x00007ffee8680000 	C:\Windows\System32\ucrtbase.dll
0x00007ffed0da0000 - 0x00007ffed0db7000 	C:\Program Files\Android\Android Studio\jbr\bin\jli.dll
0x00007ffeea6c0000 - 0x00007ffeea85e000 	C:\Windows\System32\USER32.dll
0x00007ffee8090000 - 0x00007ffee80b2000 	C:\Windows\System32\win32u.dll
0x00007ffecee30000 - 0x00007ffecf0ca000 	C:\Windows\WinSxS\amd64_microsoft.windows.common-controls_6595b64144ccf1df_6.0.19041.3570_none_60bb2a3971f3e41a\COMCTL32.dll
0x00007ffee8a10000 - 0x00007ffee8a3c000 	C:\Windows\System32\GDI32.dll
0x00007ffeea8d0000 - 0x00007ffeea96e000 	C:\Windows\System32\msvcrt.dll
0x00007ffee8880000 - 0x00007ffee899a000 	C:\Windows\System32\gdi32full.dll
0x00007ffee8680000 - 0x00007ffee871d000 	C:\Windows\System32\msvcp_win.dll
0x00007ffee24f0000 - 0x00007ffee250b000 	C:\Program Files\Android\Android Studio\jbr\bin\VCRUNTIME140.dll
0x00007ffee9880000 - 0x00007ffee98b0000 	C:\Windows\System32\IMM32.DLL
0x00007ffee2e40000 - 0x00007ffee2e4c000 	C:\Program Files\Android\Android Studio\jbr\bin\vcruntime140_1.dll
0x00007ffeda8e0000 - 0x00007ffeda96d000 	C:\Program Files\Android\Android Studio\jbr\bin\msvcp140.dll
0x00007ffe68010000 - 0x00007ffe68c7e000 	C:\Program Files\Android\Android Studio\jbr\bin\server\jvm.dll
0x00007ffee99a0000 - 0x00007ffee9a4e000 	C:\Windows\System32\ADVAPI32.dll
0x00007ffee8d20000 - 0x00007ffee8dbc000 	C:\Windows\System32\sechost.dll
0x00007ffeea200000 - 0x00007ffeea326000 	C:\Windows\System32\RPCRT4.dll
0x00007ffecf7a0000 - 0x00007ffecf7a9000 	C:\Windows\SYSTEM32\WSOCK32.dll
0x00007ffeea860000 - 0x00007ffeea8cb000 	C:\Windows\System32\WS2_32.dll
0x00007ffede890000 - 0x00007ffede8b7000 	C:\Windows\SYSTEM32\WINMM.dll
0x00007ffee0340000 - 0x00007ffee034a000 	C:\Windows\SYSTEM32\VERSION.dll
0x00007ffee5f30000 - 0x00007ffee5f42000 	C:\Windows\SYSTEM32\kernel.appcore.dll
0x00007ffee3a90000 - 0x00007ffee3a9a000 	C:\Program Files\Android\Android Studio\jbr\bin\jimage.dll
0x00007ffee5640000 - 0x00007ffee5824000 	C:\Windows\SYSTEM32\DBGHELP.DLL
0x00007ffedddf0000 - 0x00007ffedde24000 	C:\Windows\SYSTEM32\dbgcore.DLL
0x00007ffee8470000 - 0x00007ffee84f2000 	C:\Windows\System32\bcryptPrimitives.dll
0x00007ffee31f0000 - 0x00007ffee3215000 	C:\Program Files\Android\Android Studio\jbr\bin\java.dll
0x00007ffee2480000 - 0x00007ffee2498000 	C:\Program Files\Android\Android Studio\jbr\bin\zip.dll
0x00007ffee9a50000 - 0x00007ffeea194000 	C:\Windows\System32\SHELL32.dll
0x00007ffee6130000 - 0x00007ffee68cb000 	C:\Windows\SYSTEM32\windows.storage.dll
0x00007ffee8e40000 - 0x00007ffee9194000 	C:\Windows\System32\combase.dll
0x00007ffee7ad0000 - 0x00007ffee7afd000 	C:\Windows\SYSTEM32\Wldp.dll
0x00007ffee8c70000 - 0x00007ffee8d1d000 	C:\Windows\System32\SHCORE.dll
0x00007ffee9730000 - 0x00007ffee9785000 	C:\Windows\System32\shlwapi.dll
0x00007ffee7fc0000 - 0x00007ffee7fe5000 	C:\Windows\SYSTEM32\profapi.dll
0x00007ffee1710000 - 0x00007ffee1729000 	C:\Program Files\Android\Android Studio\jbr\bin\net.dll
0x00007ffee04b0000 - 0x00007ffee05ba000 	C:\Windows\SYSTEM32\WINHTTP.dll
0x00007ffee7830000 - 0x00007ffee789a000 	C:\Windows\system32\mswsock.dll
0x00007ffee1250000 - 0x00007ffee1266000 	C:\Program Files\Android\Android Studio\jbr\bin\nio.dll
0x00007ffee33c0000 - 0x00007ffee33d0000 	C:\Program Files\Android\Android Studio\jbr\bin\verify.dll
0x00007ffee2de0000 - 0x00007ffee2e07000 	C:\Users\111\.gradle\native\68d5fa5c4cc2d200863cafc0d521ce42e7d3e7ee720ec0a83991735586a16f82\windows-amd64\native-platform.dll
0x00007ffecfca0000 - 0x00007ffecfde4000 	C:\Users\111\.gradle\native\e376f236ea51e6404a007f0833ffe2c6e607c4080706a723a18a27aeea778392\windows-amd64\native-platform-file-events.dll
0x00007ffee31e0000 - 0x00007ffee31e9000 	C:\Program Files\Android\Android Studio\jbr\bin\management.dll
0x00007ffee27a0000 - 0x00007ffee27ab000 	C:\Program Files\Android\Android Studio\jbr\bin\management_ext.dll
0x00007ffee9870000 - 0x00007ffee9878000 	C:\Windows\System32\PSAPI.DLL
0x00007ffee7a30000 - 0x00007ffee7a48000 	C:\Windows\SYSTEM32\CRYPTSP.dll
0x00007ffee70d0000 - 0x00007ffee7104000 	C:\Windows\system32\rsaenh.dll
0x00007ffee8500000 - 0x00007ffee8527000 	C:\Windows\System32\bcrypt.dll
0x00007ffee7f40000 - 0x00007ffee7f6e000 	C:\Windows\SYSTEM32\USERENV.dll
0x00007ffee7a20000 - 0x00007ffee7a2c000 	C:\Windows\SYSTEM32\CRYPTBASE.dll
0x00007ffee74d0000 - 0x00007ffee750b000 	C:\Windows\SYSTEM32\IPHLPAPI.DLL
0x00007ffee9990000 - 0x00007ffee9998000 	C:\Windows\System32\NSI.dll
0x00007ffee09b0000 - 0x00007ffee09c7000 	C:\Windows\SYSTEM32\dhcpcsvc6.DLL
0x00007ffee0990000 - 0x00007ffee09ad000 	C:\Windows\SYSTEM32\dhcpcsvc.DLL
0x00007ffee7510000 - 0x00007ffee75da000 	C:\Windows\SYSTEM32\DNSAPI.dll
0x00007ffee10c0000 - 0x00007ffee10c7000 	C:\Windows\system32\wshunix.dll

dbghelp: loaded successfully - version: 4.0.5 - missing functions: none
symbol engine: initialized successfully - sym options: 0x614 - pdb path: .;C:\Program Files\Android\Android Studio\jbr\bin;C:\Windows\SYSTEM32;D:\avast;C:\Windows\WinSxS\amd64_microsoft.windows.common-controls_6595b64144ccf1df_6.0.19041.3570_none_60bb2a3971f3e41a;C:\Program Files\Android\Android Studio\jbr\bin\server;C:\Users\111\.gradle\native\68d5fa5c4cc2d200863cafc0d521ce42e7d3e7ee720ec0a83991735586a16f82\windows-amd64;C:\Users\111\.gradle\native\e376f236ea51e6404a007f0833ffe2c6e607c4080706a723a18a27aeea778392\windows-amd64

VM Arguments:
jvm_args: --add-opens=java.base/java.util=ALL-UNNAMED --add-opens=java.base/java.lang=ALL-UNNAMED --add-opens=java.base/java.lang.invoke=ALL-UNNAMED --add-opens=java.prefs/java.util.prefs=ALL-UNNAMED --add-opens=java.base/java.nio.charset=ALL-UNNAMED --add-opens=java.base/java.net=ALL-UNNAMED --add-opens=java.base/java.util.concurrent.atomic=ALL-UNNAMED -Xmx2048m -Dfile.encoding=UTF-8 -Duser.country=UA -Duser.language=uk -Duser.variant 
java_command: org.gradle.launcher.daemon.bootstrap.GradleDaemon 8.0
java_class_path (initial): C:\Users\111\.gradle\wrapper\dists\gradle-8.0-bin\ca5e32bp14vu59qr306oxotwh\gradle-8.0\lib\gradle-launcher-8.0.jar
Launcher Type: SUN_STANDARD

[Global flags]
     intx CICompilerCount                          = 4                                         {product} {ergonomic}
     uint ConcGCThreads                            = 2                                         {product} {ergonomic}
     uint G1ConcRefinementThreads                  = 8                                         {product} {ergonomic}
   size_t G1HeapRegionSize                         = 1048576                                   {product} {ergonomic}
    uintx GCDrainStackTargetSize                   = 64                                        {product} {ergonomic}
   size_t InitialHeapSize                          = 134217728                                 {product} {ergonomic}
   size_t MarkStackSize                            = 4194304                                   {product} {ergonomic}
   size_t MaxHeapSize                              = 2147483648                                {product} {command line}
   size_t MaxNewSize                               = 1287651328                                {product} {ergonomic}
   size_t MinHeapDeltaBytes                        = 1048576                                   {product} {ergonomic}
   size_t MinHeapSize                              = 8388608                                   {product} {ergonomic}
    uintx NonNMethodCodeHeapSize                   = 5839372                                {pd product} {ergonomic}
    uintx NonProfiledCodeHeapSize                  = 122909434                              {pd product} {ergonomic}
    uintx ProfiledCodeHeapSize                     = 122909434                              {pd product} {ergonomic}
    uintx ReservedCodeCacheSize                    = 251658240                              {pd product} {ergonomic}
     bool SegmentedCodeCache                       = true                                      {product} {ergonomic}
   size_t SoftMaxHeapSize                          = 2147483648                             {manageable} {ergonomic}
     bool UseCompressedClassPointers               = true                           {product lp64_product} {ergonomic}
     bool UseCompressedOops                        = true                           {product lp64_product} {ergonomic}
     bool UseG1GC                                  = true                                      {product} {ergonomic}
     bool UseLargePagesIndividualAllocation        = false                                  {pd product} {ergonomic}

Logging:
Log output configuration:
 #0: stdout all=warning uptime,level,tags
 #1: stderr all=off uptime,level,tags

Environment Variables:
JAVA_HOME=C:\src\jdk-19.0.2
PATH=C:\Program Files (x86)\Common Files\Intel\Shared Libraries\redist\intel64\compiler;C:\Windows\system32;C:\Windows;C:\Windows\System32\Wbem;C:\Windows\System32\WindowsPowerShell\v1.0\;C:\Windows\System32\OpenSSH\;C:\Program Files (x86)\NVIDIA Corporation\PhysX\Common;C:\Program Files\Git\cmd;C:\Program Files\nodejs;C:\src\jdk-19.0.2\bin;C:\Program Files\dotnet\;C:\Program Files\MySQL\MySQL Shell 8.0\bin\;C:\Users\111\AppData\Local\Microsoft\WindowsApps;C:\Users\111\AppData\Local\GitHubDesktop\bin;D:\pycharm\PyCharm 2022.1.3\bin;;C:\src\Flutter\bin;D:\WEB\brackets\;D:\IntelliJ IDEA 2023.1\bin;
USERNAME=111
OS=Windows_NT
PROCESSOR_IDENTIFIER=Intel64 Family 6 Model 158 Stepping 13, GenuineIntel
TMP=C:\Users\111\AppData\Local\Temp
TEMP=C:\Users\111\AppData\Local\Temp


JNI global refs:
JNI global refs: 26, weak refs: 0

JNI global refs memory usage: 843, weak refs: 841


---------------  S Y S T E M  ---------------

OS:
 Windows 10 , 64 bit Build 19041 (10.0.19041.3570)
OS uptime: 1 days 1:14 hours

CPU: total 8 (initial active 8) (4 cores per cpu, 2 threads per core) family 6 model 158 stepping 13 microcode 0xc6, cx8, cmov, fxsr, ht, mmx, 3dnowpref, sse, sse2, sse3, ssse3, sse4.1, sse4.2, popcnt, lzcnt, tsc, tscinvbit, avx, avx2, aes, erms, clmul, bmi1, bmi2, adx, fma, vzeroupper, clflush, clflushopt

Memory: 4k page, system-wide physical 8112M (666M free)
TotalPageFile size 12112M (AvailPageFile size 4M)
current process WorkingSet (physical memory assigned to process): 258M, peak: 260M
current process commit charge ("private bytes"): 296M, peak: 298M

vm_info: OpenJDK 64-Bit Server VM (17.0.6+0-b2043.56-10027231) for windows-amd64 JRE (17.0.6+0-b2043.56-10027231), built on Apr 28 2023 00:43:19 by "androidbuild" with MS VC++ 16.10 / 16.11 (VS2019)

END.
